{"/Users/rasul.agharzayev/loan-application/src/App.vue": {"path":"/Users/rasul.agharzayev/loan-application/src/App.vue","statementMap":{"0":{"start":{"line":3,"column":22},"end":{"line":7,"column":1}},"1":{"start":{"line":4,"column":2},"end":{"line":6,"column":4}},"2":{"start":{"line":8,"column":0},"end":{"line":10,"column":3}},"3":{"start":{"line":11,"column":12},"end":{"line":11,"column":26}},"4":{"start":{"line":12,"column":20},"end":{"line":12,"column":72}},"5":{"start":{"line":13,"column":17},"end":{"line":13,"column":61}},"6":{"start":{"line":14,"column":0},"end":{"line":29,"column":3}},"7":{"start":{"line":17,"column":19},"end":{"line":17,"column":28}},"8":{"start":{"line":18,"column":4},"end":{"line":18,"column":15}},"9":{"start":{"line":19,"column":23},"end":{"line":22,"column":5}},"10":{"start":{"line":23,"column":4},"end":{"line":26,"column":7}},"11":{"start":{"line":27,"column":4},"end":{"line":27,"column":24}},"12":{"start":{"line":31,"column":0},"end":{"line":31,"column":62}},"13":{"start":{"line":32,"column":0},"end":{"line":32,"column":24}},"14":{"start":{"line":33,"column":12},"end":{"line":33,"column":26}},"15":{"start":{"line":35,"column":4},"end":{"line":40,"column":34}},"16":{"start":{"line":42,"column":0},"end":{"line":42,"column":24}},"17":{"start":{"line":43,"column":1},"end":{"line":43,"column":48}}},"fnMap":{"0":{"name":"(anonymous_0)","decl":{"start":{"line":3,"column":54},"end":{"line":3,"column":55}},"loc":{"start":{"line":3,"column":69},"end":{"line":7,"column":1}},"line":3},"1":{"name":"(anonymous_1)","decl":{"start":{"line":16,"column":9},"end":{"line":16,"column":10}},"loc":{"start":{"line":16,"column":32},"end":{"line":28,"column":3}},"line":16},"2":{"name":"render","decl":{"start":{"line":34,"column":9},"end":{"line":34,"column":15}},"loc":{"start":{"line":34,"column":63},"end":{"line":41,"column":1}},"line":34}},"branchMap":{"0":{"loc":{"start":{"line":3,"column":22},"end":{"line":7,"column":1}},"type":"binary-expr","locations":[{"start":{"line":3,"column":22},"end":{"line":3,"column":26}},{"start":{"line":3,"column":30},"end":{"line":3,"column":50}},{"start":{"line":3,"column":54},"end":{"line":7,"column":1}}],"line":3},"1":{"loc":{"start":{"line":4,"column":9},"end":{"line":6,"column":3}},"type":"cond-expr","locations":[{"start":{"line":4,"column":33},"end":{"line":4,"column":36}},{"start":{"line":4,"column":39},"end":{"line":6,"column":3}}],"line":4},"2":{"loc":{"start":{"line":4,"column":9},"end":{"line":4,"column":30}},"type":"binary-expr","locations":[{"start":{"line":4,"column":9},"end":{"line":4,"column":12}},{"start":{"line":4,"column":16},"end":{"line":4,"column":30}}],"line":4}},"s":{"0":0,"1":0,"2":0,"3":0,"4":0,"5":0,"6":0,"7":0,"8":0,"9":0,"10":0,"11":0,"12":0,"13":0,"14":0,"15":0,"16":0,"17":0},"f":{"0":0,"1":0,"2":0},"b":{"0":[0,0,0],"1":[0,0],"2":[0,0]},"inputSourceMap":{"0":"{","1":"\"","2":"v","3":"e","4":"r","5":"s","6":"i","7":"o","8":"n","9":"\"","10":":","11":"3","12":",","13":"\"","14":"s","15":"o","16":"u","17":"r","18":"c","19":"e","20":"s","21":"\"","22":":","23":"[","24":"\"","25":"/","26":"U","27":"s","28":"e","29":"r","30":"s","31":"/","32":"r","33":"a","34":"s","35":"u","36":"l","37":".","38":"a","39":"g","40":"h","41":"a","42":"r","43":"z","44":"a","45":"y","46":"e","47":"v","48":"/","49":"l","50":"o","51":"a","52":"n","53":"-","54":"a","55":"p","56":"p","57":"l","58":"i","59":"c","60":"a","61":"t","62":"i","63":"o","64":"n","65":"/","66":"s","67":"r","68":"c","69":"/","70":"A","71":"p","72":"p","73":".","74":"v","75":"u","76":"e","77":"\"","78":"]","79":",","80":"\"","81":"n","82":"a","83":"m","84":"e","85":"s","86":"\"","87":":","88":"[","89":"]","90":",","91":"\"","92":"m","93":"a","94":"p","95":"p","96":"i","97":"n","98":"g","99":"s","100":"\"","101":":","102":"\"","103":";","104":";","105":"A","106":"A","107":"Q","108":"A","109":",","110":"I","111":"A","112":"A","113":"I","114":",","115":"e","116":"A","117":"A","118":"e","119":",","120":"G","121":"A","122":"A","123":"I","124":",","125":"I","126":"A","127":"A","128":"I","129":",","130":"I","131":"A","132":"A","133":"I","134":",","135":"I","136":"A","137":"A","138":"I","139":",","140":"C","141":"A","142":"A","143":"C","144":",","145":"e","146":"A","147":"A","148":"e","149":",","150":"I","151":"A","152":"A","153":"K","154":",","155":"U","156":"A","157":"A","158":"U","159":",","160":"G","161":"A","162":"A","163":"G","164":",","165":"E","166":"A","167":"A","168":"E","169":";","170":"E","171":"A","172":"C","173":"n","174":"E","175":",","176":"O","177":"A","178":"A","179":"Q","180":",","181":"G","182":"A","183":"A","184":"G","185":",","186":"I","187":"A","188":"A","189":"I","190":",","191":"G","192":"A","193":"A","194":"G","195":",","196":"C","197":"A","198":"A","199":"C","200":",","201":"U","202":"A","203":"A","204":"U","205":",","206":"G","207":"A","208":"A","209":"I","210":",","211":"G","212":"A","213":"A","214":"G","215":",","216":"G","217":"A","218":"A","219":"G","220":";","221":"I","222":"A","223":"A","224":"E","225":",","226":"S","227":"A","228":"A","229":"S","230":",","231":"E","232":"A","233":"A","234":"E","235":";","236":"E","237":"A","238":"A","239":"I","240":",","241":"C","242":"A","243":"A","244":"C","245":";","246":";","247":";","248":";","249":";","250":";","251":";","252":";","253":"A","254":"A","255":"F","256":"7","257":"D","258":",","259":"O","260":"A","261":"A","262":"O","263":",","264":"C","265":"A","266":"A","267":"C","268":",","269":"O","270":"A","271":"A","272":"O","273":",","274":"G","275":"A","276":"A","277":"G","278":",","279":"C","280":"A","281":"A","282":"C","283":",","284":"C","285":"A","286":"A","287":"C","288":",","289":"E","290":"A","291":"A","292":"E","293":",","294":"K","295":"A","296":"A","297":"K","298":",","299":"C","300":"A","301":"A","302":"C","303":",","304":"e","305":"A","306":"A","307":"e","308":",","309":"E","310":"A","311":"A","312":"E","313":"\"","314":",","315":"\"","316":"f","317":"i","318":"l","319":"e","320":"\"","321":":","322":"\"","323":"/","324":"U","325":"s","326":"e","327":"r","328":"s","329":"/","330":"r","331":"a","332":"s","333":"u","334":"l","335":".","336":"a","337":"g","338":"h","339":"a","340":"r","341":"z","342":"a","343":"y","344":"e","345":"v","346":"/","347":"l","348":"o","349":"a","350":"n","351":"-","352":"a","353":"p","354":"p","355":"l","356":"i","357":"c","358":"a","359":"t","360":"i","361":"o","362":"n","363":"/","364":"s","365":"r","366":"c","367":"/","368":"A","369":"p","370":"p","371":".","372":"v","373":"u","374":"e","375":"\"","376":",","377":"\"","378":"s","379":"o","380":"u","381":"r","382":"c","383":"e","384":"s","385":"C","386":"o","387":"n","388":"t","389":"e","390":"n","391":"t","392":"\"","393":":","394":"[","395":"\"","396":"<","397":"t","398":"e","399":"m","400":"p","401":"l","402":"a","403":"t","404":"e","405":">","406":"\\","407":"n","408":"\\","409":"t","410":"<","411":"h","412":"e","413":"a","414":"d","415":"e","416":"r","417":">","418":"\\","419":"n","420":"\\","421":"t","422":"\\","423":"t","424":"<","425":"h","426":"e","427":"a","428":"d","429":"i","430":"n","431":"g","432":" ","433":"/","434":">","435":"\\","436":"n","437":"\\","438":"t","439":"<","440":"/","441":"h","442":"e","443":"a","444":"d","445":"e","446":"r","447":">","448":"\\","449":"n","450":"\\","451":"t","452":"<","453":"h","454":"o","455":"m","456":"e","457":" ","458":"/","459":">","460":"\\","461":"n","462":"<","463":"/","464":"t","465":"e","466":"m","467":"p","468":"l","469":"a","470":"t","471":"e","472":">","473":"\\","474":"n","475":"\\","476":"n","477":"<","478":"s","479":"c","480":"r","481":"i","482":"p","483":"t","484":" ","485":"l","486":"a","487":"n","488":"g","489":"=","490":"\\","491":"\"","492":"t","493":"s","494":"\\","495":"\"","496":" ","497":"s","498":"e","499":"t","500":"u","501":"p","502":">","503":"\\","504":"n","505":"i","506":"m","507":"p","508":"o","509":"r","510":"t","511":" ","512":"H","513":"e","514":"a","515":"d","516":"i","517":"n","518":"g","519":" ","520":"f","521":"r","522":"o","523":"m","524":" ","525":"'","526":".","527":"/","528":"c","529":"o","530":"m","531":"p","532":"o","533":"n","534":"e","535":"n","536":"t","537":"s","538":"/","539":"H","540":"e","541":"a","542":"d","543":"i","544":"n","545":"g","546":".","547":"v","548":"u","549":"e","550":"'","551":";","552":"\\","553":"n","554":"i","555":"m","556":"p","557":"o","558":"r","559":"t","560":" ","561":"H","562":"o","563":"m","564":"e","565":" ","566":"f","567":"r","568":"o","569":"m","570":" ","571":"'","572":".","573":"/","574":"v","575":"i","576":"e","577":"w","578":"s","579":"/","580":"H","581":"o","582":"m","583":"e","584":".","585":"v","586":"u","587":"e","588":"'","589":";","590":"\\","591":"n","592":"<","593":"/","594":"s","595":"c","596":"r","597":"i","598":"p","599":"t","600":">","601":"\\","602":"n","603":"<","604":"s","605":"t","606":"y","607":"l","608":"e","609":" ","610":"s","611":"c","612":"o","613":"p","614":"e","615":"d","616":" ","617":"l","618":"a","619":"n","620":"g","621":"=","622":"\\","623":"\"","624":"s","625":"c","626":"s","627":"s","628":"\\","629":"\"","630":">","631":"\\","632":"n","633":"h","634":"e","635":"a","636":"d","637":"e","638":"r","639":"{","640":"\\","641":"n","642":"\\","643":"t","644":"w","645":"i","646":"d","647":"t","648":"h","649":":","650":" ","651":"1","652":"0","653":"0","654":"%","655":";","656":"\\","657":"n","658":"\\","659":"t","660":"t","661":"e","662":"x","663":"t","664":"-","665":"a","666":"l","667":"i","668":"g","669":"n","670":":","671":" ","672":"c","673":"e","674":"n","675":"t","676":"e","677":"r","678":";","679":"\\","680":"n","681":"\\","682":"t","683":"m","684":"a","685":"r","686":"g","687":"i","688":"n","689":"-","690":"t","691":"o","692":"p","693":":","694":" ","695":"2","696":"2","697":"p","698":"x","699":";","700":"\\","701":"n","702":"}","703":"\\","704":"n","705":"<","706":"/","707":"s","708":"t","709":"y","710":"l","711":"e","712":">","713":"\\","714":"n","715":"\"","716":"]","717":"}"}}
,"/Users/rasul.agharzayev/loan-application/src/vite-env.d.ts": {"path":"/Users/rasul.agharzayev/loan-application/src/vite-env.d.ts","statementMap":{},"fnMap":{},"branchMap":{},"s":{},"f":{},"b":{}}
,"/Users/rasul.agharzayev/loan-application/src/assets/index.ts": {"path":"/Users/rasul.agharzayev/loan-application/src/assets/index.ts","statementMap":{"0":{"start":{"line":1,"column":0},"end":{"line":1,"column":9}},"1":{"start":{"line":1,"column":9},"end":{"line":1,"column":29}},"2":{"start":{"line":2,"column":0},"end":{"line":2,"column":9}},"3":{"start":{"line":2,"column":9},"end":{"line":2,"column":29}},"4":{"start":{"line":3,"column":0},"end":{"line":3,"column":9}},"5":{"start":{"line":3,"column":9},"end":{"line":3,"column":28}},"6":{"start":{"line":4,"column":0},"end":{"line":4,"column":9}},"7":{"start":{"line":4,"column":9},"end":{"line":4,"column":28}},"8":{"start":{"line":5,"column":0},"end":{"line":5,"column":9}},"9":{"start":{"line":5,"column":9},"end":{"line":5,"column":29}}},"fnMap":{"0":{"name":"(anonymous_1)","decl":{"start":{"line":1,"column":9},"end":{"line":1,"column":16}},"loc":{"start":{"line":1,"column":9},"end":{"line":1,"column":29}}},"1":{"name":"(anonymous_2)","decl":{"start":{"line":2,"column":9},"end":{"line":2,"column":16}},"loc":{"start":{"line":2,"column":9},"end":{"line":2,"column":29}}},"2":{"name":"(anonymous_3)","decl":{"start":{"line":3,"column":9},"end":{"line":3,"column":16}},"loc":{"start":{"line":3,"column":9},"end":{"line":3,"column":28}}},"3":{"name":"(anonymous_4)","decl":{"start":{"line":4,"column":9},"end":{"line":4,"column":16}},"loc":{"start":{"line":4,"column":9},"end":{"line":4,"column":28}}},"4":{"name":"(anonymous_5)","decl":{"start":{"line":5,"column":9},"end":{"line":5,"column":16}},"loc":{"start":{"line":5,"column":9},"end":{"line":5,"column":29}}}},"branchMap":{},"s":{"0":0,"1":0,"2":0,"3":0,"4":0,"5":0,"6":0,"7":0,"8":0,"9":0},"f":{"0":0,"1":0,"2":0,"3":0,"4":0},"b":{}}
,"/Users/rasul.agharzayev/loan-application/src/components/ApplicationForm.vue": {"path":"/Users/rasul.agharzayev/loan-application/src/components/ApplicationForm.vue","statementMap":{"0":{"start":{"line":3,"column":22},"end":{"line":7,"column":1}},"1":{"start":{"line":4,"column":2},"end":{"line":6,"column":4}},"2":{"start":{"line":8,"column":0},"end":{"line":10,"column":3}},"3":{"start":{"line":11,"column":12},"end":{"line":11,"column":26}},"4":{"start":{"line":12,"column":18},"end":{"line":12,"column":47}},"5":{"start":{"line":13,"column":22},"end":{"line":13,"column":65}},"6":{"start":{"line":14,"column":22},"end":{"line":14,"column":65}},"7":{"start":{"line":15,"column":20},"end":{"line":15,"column":61}},"8":{"start":{"line":16,"column":0},"end":{"line":102,"column":3}},"9":{"start":{"line":40,"column":4},"end":{"line":66,"column":6}},"10":{"start":{"line":70,"column":6},"end":{"line":72,"column":8}},"11":{"start":{"line":76,"column":6},"end":{"line":78,"column":7}},"12":{"start":{"line":77,"column":8},"end":{"line":77,"column":15}},"13":{"start":{"line":79,"column":6},"end":{"line":79,"column":163}},"14":{"start":{"line":82,"column":6},"end":{"line":82,"column":61}},"15":{"start":{"line":85,"column":6},"end":{"line":85,"column":67}},"16":{"start":{"line":88,"column":6},"end":{"line":88,"column":40}},"17":{"start":{"line":91,"column":6},"end":{"line":91,"column":43}},"18":{"start":{"line":94,"column":6},"end":{"line":94,"column":33}},"19":{"start":{"line":103,"column":0},"end":{"line":103,"column":13}},"20":{"start":{"line":104,"column":20},"end":{"line":112,"column":1}},"21":{"start":{"line":105,"column":4},"end":{"line":110,"column":5}},"22":{"start":{"line":105,"column":40},"end":{"line":110,"column":5}},"23":{"start":{"line":105,"column":53},"end":{"line":105,"column":54}},"24":{"start":{"line":105,"column":60},"end":{"line":105,"column":71}},"25":{"start":{"line":106,"column":8},"end":{"line":109,"column":9}},"26":{"start":{"line":107,"column":12},"end":{"line":107,"column":65}},"27":{"start":{"line":107,"column":21},"end":{"line":107,"column":65}},"28":{"start":{"line":108,"column":12},"end":{"line":108,"column":28}},"29":{"start":{"line":111,"column":4},"end":{"line":111,"column":61}},"30":{"start":{"line":113,"column":0},"end":{"line":113,"column":62}},"31":{"start":{"line":114,"column":0},"end":{"line":114,"column":24}},"32":{"start":{"line":115,"column":12},"end":{"line":115,"column":26}},"33":{"start":{"line":116,"column":31},"end":{"line":116,"column":106}},"34":{"start":{"line":117,"column":31},"end":{"line":117,"column":121}},"35":{"start":{"line":118,"column":31},"end":{"line":143,"column":20}},"36":{"start":{"line":144,"column":17},"end":{"line":146,"column":1}},"37":{"start":{"line":147,"column":31},"end":{"line":172,"column":20}},"38":{"start":{"line":173,"column":17},"end":{"line":175,"column":1}},"39":{"start":{"line":177,"column":34},"end":{"line":177,"column":77}},"40":{"start":{"line":178,"column":27},"end":{"line":178,"column":63}},"41":{"start":{"line":179,"column":30},"end":{"line":179,"column":69}},"42":{"start":{"line":180,"column":27},"end":{"line":180,"column":63}},"43":{"start":{"line":181,"column":33},"end":{"line":181,"column":75}},"44":{"start":{"line":182,"column":31},"end":{"line":182,"column":71}},"45":{"start":{"line":183,"column":30},"end":{"line":183,"column":69}},"46":{"start":{"line":184,"column":32},"end":{"line":184,"column":73}},"47":{"start":{"line":185,"column":30},"end":{"line":185,"column":69}},"48":{"start":{"line":186,"column":32},"end":{"line":186,"column":73}},"49":{"start":{"line":187,"column":36},"end":{"line":187,"column":81}},"50":{"start":{"line":188,"column":28},"end":{"line":188,"column":65}},"51":{"start":{"line":189,"column":4},"end":{"line":619,"column":8}},"52":{"start":{"line":190,"column":50},"end":{"line":617,"column":10}},"53":{"start":{"line":192,"column":58},"end":{"line":348,"column":18}},"54":{"start":{"line":195,"column":66},"end":{"line":345,"column":26}},"55":{"start":{"line":200,"column":74},"end":{"line":208,"column":34}},"56":{"start":{"line":215,"column":74},"end":{"line":232,"column":34}},"57":{"start":{"line":220,"column":90},"end":{"line":220,"column":142}},"58":{"start":{"line":230,"column":62},"end":{"line":230,"column":130}},"59":{"start":{"line":239,"column":74},"end":{"line":252,"column":34}},"60":{"start":{"line":242,"column":109},"end":{"line":242,"column":160}},"61":{"start":{"line":247,"column":62},"end":{"line":247,"column":129}},"62":{"start":{"line":259,"column":74},"end":{"line":270,"column":34}},"63":{"start":{"line":262,"column":109},"end":{"line":262,"column":163}},"64":{"start":{"line":264,"column":62},"end":{"line":264,"column":132}},"65":{"start":{"line":277,"column":74},"end":{"line":287,"column":34}},"66":{"start":{"line":281,"column":62},"end":{"line":281,"column":127}},"67":{"start":{"line":294,"column":74},"end":{"line":342,"column":34}},"68":{"start":{"line":296,"column":82},"end":{"line":339,"column":42}},"69":{"start":{"line":298,"column":90},"end":{"line":308,"column":50}},"70":{"start":{"line":302,"column":78},"end":{"line":302,"column":142}},"71":{"start":{"line":312,"column":90},"end":{"line":322,"column":50}},"72":{"start":{"line":316,"column":78},"end":{"line":316,"column":146}},"73":{"start":{"line":326,"column":90},"end":{"line":336,"column":50}},"74":{"start":{"line":330,"column":78},"end":{"line":330,"column":143}},"75":{"start":{"line":353,"column":58},"end":{"line":371,"column":18}},"76":{"start":{"line":358,"column":66},"end":{"line":367,"column":26}},"77":{"start":{"line":361,"column":101},"end":{"line":361,"column":144}},"78":{"start":{"line":375,"column":58},"end":{"line":403,"column":18}},"79":{"start":{"line":380,"column":66},"end":{"line":400,"column":26}},"80":{"start":{"line":383,"column":101},"end":{"line":383,"column":139}},"81":{"start":{"line":393,"column":51},"end":{"line":393,"column":53}},"82":{"start":{"line":394,"column":40},"end":{"line":396,"column":41}},"83":{"start":{"line":394,"column":54},"end":{"line":394,"column":55}},"84":{"start":{"line":395,"column":44},"end":{"line":395,"column":69}},"85":{"start":{"line":397,"column":40},"end":{"line":397,"column":114}},"86":{"start":{"line":419,"column":58},"end":{"line":447,"column":18}},"87":{"start":{"line":424,"column":66},"end":{"line":444,"column":26}},"88":{"start":{"line":427,"column":101},"end":{"line":427,"column":155}},"89":{"start":{"line":437,"column":51},"end":{"line":437,"column":53}},"90":{"start":{"line":438,"column":40},"end":{"line":440,"column":41}},"91":{"start":{"line":438,"column":54},"end":{"line":438,"column":55}},"92":{"start":{"line":439,"column":44},"end":{"line":439,"column":69}},"93":{"start":{"line":441,"column":40},"end":{"line":441,"column":122}},"94":{"start":{"line":464,"column":62},"end":{"line":569,"column":22}},"95":{"start":{"line":466,"column":70},"end":{"line":566,"column":30}},"96":{"start":{"line":471,"column":78},"end":{"line":480,"column":38}},"97":{"start":{"line":478,"column":66},"end":{"line":478,"column":130}},"98":{"start":{"line":487,"column":78},"end":{"line":496,"column":38}},"99":{"start":{"line":490,"column":66},"end":{"line":490,"column":129}},"100":{"start":{"line":503,"column":78},"end":{"line":512,"column":38}},"101":{"start":{"line":506,"column":66},"end":{"line":506,"column":131}},"102":{"start":{"line":519,"column":78},"end":{"line":531,"column":38}},"103":{"start":{"line":522,"column":113},"end":{"line":522,"column":161}},"104":{"start":{"line":526,"column":66},"end":{"line":526,"column":130}},"105":{"start":{"line":538,"column":78},"end":{"line":547,"column":38}},"106":{"start":{"line":541,"column":66},"end":{"line":541,"column":131}},"107":{"start":{"line":554,"column":78},"end":{"line":563,"column":38}},"108":{"start":{"line":557,"column":66},"end":{"line":557,"column":130}},"109":{"start":{"line":578,"column":62},"end":{"line":594,"column":22}},"110":{"start":{"line":583,"column":70},"end":{"line":591,"column":30}},"111":{"start":{"line":586,"column":105},"end":{"line":586,"column":153}},"112":{"start":{"line":602,"column":58},"end":{"line":614,"column":18}},"113":{"start":{"line":607,"column":43},"end":{"line":607,"column":45}},"114":{"start":{"line":608,"column":32},"end":{"line":610,"column":33}},"115":{"start":{"line":608,"column":46},"end":{"line":608,"column":47}},"116":{"start":{"line":609,"column":36},"end":{"line":609,"column":61}},"117":{"start":{"line":611,"column":32},"end":{"line":611,"column":90}},"118":{"start":{"line":621,"column":0},"end":{"line":621,"column":24}},"119":{"start":{"line":622,"column":1},"end":{"line":622,"column":48}}},"fnMap":{"0":{"name":"(anonymous_0)","decl":{"start":{"line":3,"column":54},"end":{"line":3,"column":55}},"loc":{"start":{"line":3,"column":69},"end":{"line":7,"column":1}},"line":3},"1":{"name":"(anonymous_1)","decl":{"start":{"line":39,"column":8},"end":{"line":39,"column":9}},"loc":{"start":{"line":39,"column":20},"end":{"line":67,"column":3}},"line":39},"2":{"name":"(anonymous_2)","decl":{"start":{"line":69,"column":15},"end":{"line":69,"column":16}},"loc":{"start":{"line":69,"column":31},"end":{"line":73,"column":5}},"line":69},"3":{"name":"(anonymous_3)","decl":{"start":{"line":74,"column":21},"end":{"line":74,"column":22}},"loc":{"start":{"line":74,"column":33},"end":{"line":80,"column":5}},"line":74},"4":{"name":"(anonymous_4)","decl":{"start":{"line":81,"column":22},"end":{"line":81,"column":23}},"loc":{"start":{"line":81,"column":34},"end":{"line":83,"column":5}},"line":81},"5":{"name":"(anonymous_5)","decl":{"start":{"line":84,"column":26},"end":{"line":84,"column":27}},"loc":{"start":{"line":84,"column":38},"end":{"line":86,"column":5}},"line":84},"6":{"name":"(anonymous_6)","decl":{"start":{"line":87,"column":22},"end":{"line":87,"column":23}},"loc":{"start":{"line":87,"column":34},"end":{"line":89,"column":5}},"line":87},"7":{"name":"(anonymous_7)","decl":{"start":{"line":90,"column":30},"end":{"line":90,"column":31}},"loc":{"start":{"line":90,"column":42},"end":{"line":92,"column":5}},"line":90},"8":{"name":"(anonymous_8)","decl":{"start":{"line":93,"column":14},"end":{"line":93,"column":15}},"loc":{"start":{"line":93,"column":26},"end":{"line":95,"column":5}},"line":93},"9":{"name":"(anonymous_9)","decl":{"start":{"line":104,"column":52},"end":{"line":104,"column":53}},"loc":{"start":{"line":104,"column":78},"end":{"line":112,"column":1}},"line":104},"10":{"name":"render","decl":{"start":{"line":176,"column":9},"end":{"line":176,"column":15}},"loc":{"start":{"line":176,"column":30},"end":{"line":620,"column":1}},"line":176},"11":{"name":"(anonymous_11)","decl":{"start":{"line":190,"column":36},"end":{"line":190,"column":37}},"loc":{"start":{"line":190,"column":48},"end":{"line":617,"column":12}},"line":190},"12":{"name":"(anonymous_12)","decl":{"start":{"line":192,"column":44},"end":{"line":192,"column":45}},"loc":{"start":{"line":192,"column":56},"end":{"line":348,"column":20}},"line":192},"13":{"name":"(anonymous_13)","decl":{"start":{"line":195,"column":52},"end":{"line":195,"column":53}},"loc":{"start":{"line":195,"column":64},"end":{"line":345,"column":28}},"line":195},"14":{"name":"(anonymous_14)","decl":{"start":{"line":200,"column":60},"end":{"line":200,"column":61}},"loc":{"start":{"line":200,"column":72},"end":{"line":208,"column":36}},"line":200},"15":{"name":"(anonymous_15)","decl":{"start":{"line":215,"column":60},"end":{"line":215,"column":61}},"loc":{"start":{"line":215,"column":72},"end":{"line":232,"column":36}},"line":215},"16":{"name":"(anonymous_16)","decl":{"start":{"line":220,"column":70},"end":{"line":220,"column":71}},"loc":{"start":{"line":220,"column":88},"end":{"line":220,"column":144}},"line":220},"17":{"name":"(anonymous_17)","decl":{"start":{"line":230,"column":48},"end":{"line":230,"column":49}},"loc":{"start":{"line":230,"column":60},"end":{"line":230,"column":132}},"line":230},"18":{"name":"(anonymous_18)","decl":{"start":{"line":239,"column":60},"end":{"line":239,"column":61}},"loc":{"start":{"line":239,"column":72},"end":{"line":252,"column":36}},"line":239},"19":{"name":"(anonymous_19)","decl":{"start":{"line":242,"column":89},"end":{"line":242,"column":90}},"loc":{"start":{"line":242,"column":107},"end":{"line":242,"column":162}},"line":242},"20":{"name":"(anonymous_20)","decl":{"start":{"line":247,"column":48},"end":{"line":247,"column":49}},"loc":{"start":{"line":247,"column":60},"end":{"line":247,"column":131}},"line":247},"21":{"name":"(anonymous_21)","decl":{"start":{"line":259,"column":60},"end":{"line":259,"column":61}},"loc":{"start":{"line":259,"column":72},"end":{"line":270,"column":36}},"line":259},"22":{"name":"(anonymous_22)","decl":{"start":{"line":262,"column":89},"end":{"line":262,"column":90}},"loc":{"start":{"line":262,"column":107},"end":{"line":262,"column":165}},"line":262},"23":{"name":"(anonymous_23)","decl":{"start":{"line":264,"column":48},"end":{"line":264,"column":49}},"loc":{"start":{"line":264,"column":60},"end":{"line":264,"column":134}},"line":264},"24":{"name":"(anonymous_24)","decl":{"start":{"line":277,"column":60},"end":{"line":277,"column":61}},"loc":{"start":{"line":277,"column":72},"end":{"line":287,"column":36}},"line":277},"25":{"name":"(anonymous_25)","decl":{"start":{"line":281,"column":48},"end":{"line":281,"column":49}},"loc":{"start":{"line":281,"column":60},"end":{"line":281,"column":129}},"line":281},"26":{"name":"(anonymous_26)","decl":{"start":{"line":294,"column":60},"end":{"line":294,"column":61}},"loc":{"start":{"line":294,"column":72},"end":{"line":342,"column":36}},"line":294},"27":{"name":"(anonymous_27)","decl":{"start":{"line":296,"column":68},"end":{"line":296,"column":69}},"loc":{"start":{"line":296,"column":80},"end":{"line":339,"column":44}},"line":296},"28":{"name":"(anonymous_28)","decl":{"start":{"line":298,"column":76},"end":{"line":298,"column":77}},"loc":{"start":{"line":298,"column":88},"end":{"line":308,"column":52}},"line":298},"29":{"name":"(anonymous_29)","decl":{"start":{"line":302,"column":64},"end":{"line":302,"column":65}},"loc":{"start":{"line":302,"column":76},"end":{"line":302,"column":144}},"line":302},"30":{"name":"(anonymous_30)","decl":{"start":{"line":312,"column":76},"end":{"line":312,"column":77}},"loc":{"start":{"line":312,"column":88},"end":{"line":322,"column":52}},"line":312},"31":{"name":"(anonymous_31)","decl":{"start":{"line":316,"column":64},"end":{"line":316,"column":65}},"loc":{"start":{"line":316,"column":76},"end":{"line":316,"column":148}},"line":316},"32":{"name":"(anonymous_32)","decl":{"start":{"line":326,"column":76},"end":{"line":326,"column":77}},"loc":{"start":{"line":326,"column":88},"end":{"line":336,"column":52}},"line":326},"33":{"name":"(anonymous_33)","decl":{"start":{"line":330,"column":64},"end":{"line":330,"column":65}},"loc":{"start":{"line":330,"column":76},"end":{"line":330,"column":145}},"line":330},"34":{"name":"(anonymous_34)","decl":{"start":{"line":353,"column":44},"end":{"line":353,"column":45}},"loc":{"start":{"line":353,"column":56},"end":{"line":371,"column":20}},"line":353},"35":{"name":"(anonymous_35)","decl":{"start":{"line":358,"column":52},"end":{"line":358,"column":53}},"loc":{"start":{"line":358,"column":64},"end":{"line":367,"column":28}},"line":358},"36":{"name":"(anonymous_36)","decl":{"start":{"line":361,"column":81},"end":{"line":361,"column":82}},"loc":{"start":{"line":361,"column":99},"end":{"line":361,"column":146}},"line":361},"37":{"name":"(anonymous_37)","decl":{"start":{"line":375,"column":44},"end":{"line":375,"column":45}},"loc":{"start":{"line":375,"column":56},"end":{"line":403,"column":20}},"line":375},"38":{"name":"(anonymous_38)","decl":{"start":{"line":380,"column":52},"end":{"line":380,"column":53}},"loc":{"start":{"line":380,"column":64},"end":{"line":400,"column":28}},"line":380},"39":{"name":"(anonymous_39)","decl":{"start":{"line":383,"column":81},"end":{"line":383,"column":82}},"loc":{"start":{"line":383,"column":99},"end":{"line":383,"column":141}},"line":383},"40":{"name":"(anonymous_40)","decl":{"start":{"line":392,"column":36},"end":{"line":392,"column":37}},"loc":{"start":{"line":392,"column":48},"end":{"line":398,"column":37}},"line":392},"41":{"name":"(anonymous_41)","decl":{"start":{"line":419,"column":44},"end":{"line":419,"column":45}},"loc":{"start":{"line":419,"column":56},"end":{"line":447,"column":20}},"line":419},"42":{"name":"(anonymous_42)","decl":{"start":{"line":424,"column":52},"end":{"line":424,"column":53}},"loc":{"start":{"line":424,"column":64},"end":{"line":444,"column":28}},"line":424},"43":{"name":"(anonymous_43)","decl":{"start":{"line":427,"column":81},"end":{"line":427,"column":82}},"loc":{"start":{"line":427,"column":99},"end":{"line":427,"column":157}},"line":427},"44":{"name":"(anonymous_44)","decl":{"start":{"line":436,"column":36},"end":{"line":436,"column":37}},"loc":{"start":{"line":436,"column":48},"end":{"line":442,"column":37}},"line":436},"45":{"name":"(anonymous_45)","decl":{"start":{"line":464,"column":48},"end":{"line":464,"column":49}},"loc":{"start":{"line":464,"column":60},"end":{"line":569,"column":24}},"line":464},"46":{"name":"(anonymous_46)","decl":{"start":{"line":466,"column":56},"end":{"line":466,"column":57}},"loc":{"start":{"line":466,"column":68},"end":{"line":566,"column":32}},"line":466},"47":{"name":"(anonymous_47)","decl":{"start":{"line":471,"column":64},"end":{"line":471,"column":65}},"loc":{"start":{"line":471,"column":76},"end":{"line":480,"column":40}},"line":471},"48":{"name":"(anonymous_48)","decl":{"start":{"line":478,"column":52},"end":{"line":478,"column":53}},"loc":{"start":{"line":478,"column":64},"end":{"line":478,"column":132}},"line":478},"49":{"name":"(anonymous_49)","decl":{"start":{"line":487,"column":64},"end":{"line":487,"column":65}},"loc":{"start":{"line":487,"column":76},"end":{"line":496,"column":40}},"line":487},"50":{"name":"(anonymous_50)","decl":{"start":{"line":490,"column":52},"end":{"line":490,"column":53}},"loc":{"start":{"line":490,"column":64},"end":{"line":490,"column":131}},"line":490},"51":{"name":"(anonymous_51)","decl":{"start":{"line":503,"column":64},"end":{"line":503,"column":65}},"loc":{"start":{"line":503,"column":76},"end":{"line":512,"column":40}},"line":503},"52":{"name":"(anonymous_52)","decl":{"start":{"line":506,"column":52},"end":{"line":506,"column":53}},"loc":{"start":{"line":506,"column":64},"end":{"line":506,"column":133}},"line":506},"53":{"name":"(anonymous_53)","decl":{"start":{"line":519,"column":64},"end":{"line":519,"column":65}},"loc":{"start":{"line":519,"column":76},"end":{"line":531,"column":40}},"line":519},"54":{"name":"(anonymous_54)","decl":{"start":{"line":522,"column":93},"end":{"line":522,"column":94}},"loc":{"start":{"line":522,"column":111},"end":{"line":522,"column":163}},"line":522},"55":{"name":"(anonymous_55)","decl":{"start":{"line":526,"column":52},"end":{"line":526,"column":53}},"loc":{"start":{"line":526,"column":64},"end":{"line":526,"column":132}},"line":526},"56":{"name":"(anonymous_56)","decl":{"start":{"line":538,"column":64},"end":{"line":538,"column":65}},"loc":{"start":{"line":538,"column":76},"end":{"line":547,"column":40}},"line":538},"57":{"name":"(anonymous_57)","decl":{"start":{"line":541,"column":52},"end":{"line":541,"column":53}},"loc":{"start":{"line":541,"column":64},"end":{"line":541,"column":133}},"line":541},"58":{"name":"(anonymous_58)","decl":{"start":{"line":554,"column":64},"end":{"line":554,"column":65}},"loc":{"start":{"line":554,"column":76},"end":{"line":563,"column":40}},"line":554},"59":{"name":"(anonymous_59)","decl":{"start":{"line":557,"column":52},"end":{"line":557,"column":53}},"loc":{"start":{"line":557,"column":64},"end":{"line":557,"column":132}},"line":557},"60":{"name":"(anonymous_60)","decl":{"start":{"line":578,"column":48},"end":{"line":578,"column":49}},"loc":{"start":{"line":578,"column":60},"end":{"line":594,"column":24}},"line":578},"61":{"name":"(anonymous_61)","decl":{"start":{"line":583,"column":56},"end":{"line":583,"column":57}},"loc":{"start":{"line":583,"column":68},"end":{"line":591,"column":32}},"line":583},"62":{"name":"(anonymous_62)","decl":{"start":{"line":586,"column":85},"end":{"line":586,"column":86}},"loc":{"start":{"line":586,"column":103},"end":{"line":586,"column":155}},"line":586},"63":{"name":"(anonymous_63)","decl":{"start":{"line":602,"column":44},"end":{"line":602,"column":45}},"loc":{"start":{"line":602,"column":56},"end":{"line":614,"column":20}},"line":602},"64":{"name":"(anonymous_64)","decl":{"start":{"line":606,"column":28},"end":{"line":606,"column":29}},"loc":{"start":{"line":606,"column":40},"end":{"line":612,"column":29}},"line":606}},"branchMap":{"0":{"loc":{"start":{"line":3,"column":22},"end":{"line":7,"column":1}},"type":"binary-expr","locations":[{"start":{"line":3,"column":22},"end":{"line":3,"column":26}},{"start":{"line":3,"column":30},"end":{"line":3,"column":50}},{"start":{"line":3,"column":54},"end":{"line":7,"column":1}}],"line":3},"1":{"loc":{"start":{"line":4,"column":9},"end":{"line":6,"column":3}},"type":"cond-expr","locations":[{"start":{"line":4,"column":33},"end":{"line":4,"column":36}},{"start":{"line":4,"column":39},"end":{"line":6,"column":3}}],"line":4},"2":{"loc":{"start":{"line":4,"column":9},"end":{"line":4,"column":30}},"type":"binary-expr","locations":[{"start":{"line":4,"column":9},"end":{"line":4,"column":12}},{"start":{"line":4,"column":16},"end":{"line":4,"column":30}}],"line":4},"3":{"loc":{"start":{"line":76,"column":6},"end":{"line":78,"column":7}},"type":"if","locations":[{"start":{"line":76,"column":6},"end":{"line":78,"column":7}},{"start":{},"end":{}}],"line":76},"4":{"loc":{"start":{"line":79,"column":73},"end":{"line":79,"column":161}},"type":"cond-expr","locations":[{"start":{"line":79,"column":140},"end":{"line":79,"column":146}},{"start":{"line":79,"column":149},"end":{"line":79,"column":161}}],"line":79},"5":{"loc":{"start":{"line":79,"column":73},"end":{"line":79,"column":137}},"type":"binary-expr","locations":[{"start":{"line":79,"column":73},"end":{"line":79,"column":120}},{"start":{"line":79,"column":124},"end":{"line":79,"column":137}}],"line":79},"6":{"loc":{"start":{"line":104,"column":20},"end":{"line":112,"column":1}},"type":"binary-expr","locations":[{"start":{"line":104,"column":21},"end":{"line":104,"column":25}},{"start":{"line":104,"column":29},"end":{"line":104,"column":47}},{"start":{"line":104,"column":52},"end":{"line":112,"column":1}}],"line":104},"7":{"loc":{"start":{"line":105,"column":4},"end":{"line":110,"column":5}},"type":"if","locations":[{"start":{"line":105,"column":4},"end":{"line":110,"column":5}},{"start":{},"end":{}}],"line":105},"8":{"loc":{"start":{"line":105,"column":8},"end":{"line":105,"column":38}},"type":"binary-expr","locations":[{"start":{"line":105,"column":8},"end":{"line":105,"column":12}},{"start":{"line":105,"column":16},"end":{"line":105,"column":38}}],"line":105},"9":{"loc":{"start":{"line":106,"column":8},"end":{"line":109,"column":9}},"type":"if","locations":[{"start":{"line":106,"column":8},"end":{"line":109,"column":9}},{"start":{},"end":{}}],"line":106},"10":{"loc":{"start":{"line":106,"column":12},"end":{"line":106,"column":30}},"type":"binary-expr","locations":[{"start":{"line":106,"column":12},"end":{"line":106,"column":14}},{"start":{"line":106,"column":18},"end":{"line":106,"column":30}}],"line":106},"11":{"loc":{"start":{"line":107,"column":12},"end":{"line":107,"column":65}},"type":"if","locations":[{"start":{"line":107,"column":12},"end":{"line":107,"column":65}},{"start":{},"end":{}}],"line":107},"12":{"loc":{"start":{"line":111,"column":21},"end":{"line":111,"column":59}},"type":"binary-expr","locations":[{"start":{"line":111,"column":21},"end":{"line":111,"column":23}},{"start":{"line":111,"column":27},"end":{"line":111,"column":59}}],"line":111},"13":{"loc":{"start":{"line":217,"column":73},"end":{"line":217,"column":153}},"type":"cond-expr","locations":[{"start":{"line":217,"column":98},"end":{"line":217,"column":135}},{"start":{"line":217,"column":138},"end":{"line":217,"column":153}}],"line":217},"14":{"loc":{"start":{"line":220,"column":44},"end":{"line":220,"column":145}},"type":"binary-expr","locations":[{"start":{"line":220,"column":44},"end":{"line":220,"column":53}},{"start":{"line":220,"column":58},"end":{"line":220,"column":144}}],"line":220},"15":{"loc":{"start":{"line":230,"column":69},"end":{"line":230,"column":129}},"type":"binary-expr","locations":[{"start":{"line":230,"column":69},"end":{"line":230,"column":102}},{"start":{"line":230,"column":106},"end":{"line":230,"column":129}}],"line":230},"16":{"loc":{"start":{"line":242,"column":63},"end":{"line":242,"column":163}},"type":"binary-expr","locations":[{"start":{"line":242,"column":63},"end":{"line":242,"column":72}},{"start":{"line":242,"column":77},"end":{"line":242,"column":162}}],"line":242},"17":{"loc":{"start":{"line":243,"column":73},"end":{"line":243,"column":153}},"type":"cond-expr","locations":[{"start":{"line":243,"column":98},"end":{"line":243,"column":135}},{"start":{"line":243,"column":138},"end":{"line":243,"column":153}}],"line":243},"18":{"loc":{"start":{"line":247,"column":69},"end":{"line":247,"column":128}},"type":"binary-expr","locations":[{"start":{"line":247,"column":69},"end":{"line":247,"column":101}},{"start":{"line":247,"column":105},"end":{"line":247,"column":128}}],"line":247},"19":{"loc":{"start":{"line":262,"column":63},"end":{"line":262,"column":166}},"type":"binary-expr","locations":[{"start":{"line":262,"column":63},"end":{"line":262,"column":72}},{"start":{"line":262,"column":77},"end":{"line":262,"column":165}}],"line":262},"20":{"loc":{"start":{"line":263,"column":73},"end":{"line":263,"column":153}},"type":"cond-expr","locations":[{"start":{"line":263,"column":98},"end":{"line":263,"column":135}},{"start":{"line":263,"column":138},"end":{"line":263,"column":153}}],"line":263},"21":{"loc":{"start":{"line":264,"column":69},"end":{"line":264,"column":131}},"type":"binary-expr","locations":[{"start":{"line":264,"column":69},"end":{"line":264,"column":104}},{"start":{"line":264,"column":108},"end":{"line":264,"column":131}}],"line":264},"22":{"loc":{"start":{"line":280,"column":73},"end":{"line":280,"column":153}},"type":"cond-expr","locations":[{"start":{"line":280,"column":98},"end":{"line":280,"column":135}},{"start":{"line":280,"column":138},"end":{"line":280,"column":153}}],"line":280},"23":{"loc":{"start":{"line":281,"column":69},"end":{"line":281,"column":126}},"type":"binary-expr","locations":[{"start":{"line":281,"column":69},"end":{"line":281,"column":99}},{"start":{"line":281,"column":103},"end":{"line":281,"column":126}}],"line":281},"24":{"loc":{"start":{"line":301,"column":89},"end":{"line":301,"column":169}},"type":"cond-expr","locations":[{"start":{"line":301,"column":114},"end":{"line":301,"column":151}},{"start":{"line":301,"column":154},"end":{"line":301,"column":169}}],"line":301},"25":{"loc":{"start":{"line":302,"column":85},"end":{"line":302,"column":141}},"type":"binary-expr","locations":[{"start":{"line":302,"column":85},"end":{"line":302,"column":114}},{"start":{"line":302,"column":118},"end":{"line":302,"column":141}}],"line":302},"26":{"loc":{"start":{"line":315,"column":89},"end":{"line":315,"column":169}},"type":"cond-expr","locations":[{"start":{"line":315,"column":114},"end":{"line":315,"column":151}},{"start":{"line":315,"column":154},"end":{"line":315,"column":169}}],"line":315},"27":{"loc":{"start":{"line":316,"column":85},"end":{"line":316,"column":145}},"type":"binary-expr","locations":[{"start":{"line":316,"column":85},"end":{"line":316,"column":118}},{"start":{"line":316,"column":122},"end":{"line":316,"column":145}}],"line":316},"28":{"loc":{"start":{"line":329,"column":89},"end":{"line":329,"column":169}},"type":"cond-expr","locations":[{"start":{"line":329,"column":114},"end":{"line":329,"column":151}},{"start":{"line":329,"column":154},"end":{"line":329,"column":169}}],"line":329},"29":{"loc":{"start":{"line":330,"column":85},"end":{"line":330,"column":142}},"type":"binary-expr","locations":[{"start":{"line":330,"column":85},"end":{"line":330,"column":115}},{"start":{"line":330,"column":119},"end":{"line":330,"column":142}}],"line":330},"30":{"loc":{"start":{"line":361,"column":55},"end":{"line":361,"column":147}},"type":"binary-expr","locations":[{"start":{"line":361,"column":55},"end":{"line":361,"column":64}},{"start":{"line":361,"column":69},"end":{"line":361,"column":146}}],"line":361},"31":{"loc":{"start":{"line":383,"column":55},"end":{"line":383,"column":142}},"type":"binary-expr","locations":[{"start":{"line":383,"column":55},"end":{"line":383,"column":64}},{"start":{"line":383,"column":69},"end":{"line":383,"column":141}}],"line":383},"32":{"loc":{"start":{"line":390,"column":41},"end":{"line":398,"column":38}},"type":"binary-expr","locations":[{"start":{"line":390,"column":41},"end":{"line":390,"column":50}},{"start":{"line":390,"column":55},"end":{"line":398,"column":37}}],"line":390},"33":{"loc":{"start":{"line":397,"column":48},"end":{"line":397,"column":112}},"type":"binary-expr","locations":[{"start":{"line":397,"column":48},"end":{"line":397,"column":69}},{"start":{"line":397,"column":73},"end":{"line":397,"column":112}}],"line":397},"34":{"loc":{"start":{"line":406,"column":12},"end":{"line":408,"column":61}},"type":"cond-expr","locations":[{"start":{"line":407,"column":19},"end":{"line":407,"column":98}},{"start":{"line":408,"column":18},"end":{"line":408,"column":61}}],"line":406},"35":{"loc":{"start":{"line":409,"column":12},"end":{"line":417,"column":61}},"type":"cond-expr","locations":[{"start":{"line":410,"column":19},"end":{"line":416,"column":69}},{"start":{"line":417,"column":18},"end":{"line":417,"column":61}}],"line":409},"36":{"loc":{"start":{"line":427,"column":55},"end":{"line":427,"column":158}},"type":"binary-expr","locations":[{"start":{"line":427,"column":55},"end":{"line":427,"column":64}},{"start":{"line":427,"column":69},"end":{"line":427,"column":157}}],"line":427},"37":{"loc":{"start":{"line":434,"column":41},"end":{"line":442,"column":38}},"type":"binary-expr","locations":[{"start":{"line":434,"column":41},"end":{"line":434,"column":50}},{"start":{"line":434,"column":55},"end":{"line":442,"column":37}}],"line":434},"38":{"loc":{"start":{"line":441,"column":48},"end":{"line":441,"column":120}},"type":"binary-expr","locations":[{"start":{"line":441,"column":48},"end":{"line":441,"column":73}},{"start":{"line":441,"column":77},"end":{"line":441,"column":120}}],"line":441},"39":{"loc":{"start":{"line":450,"column":12},"end":{"line":458,"column":61}},"type":"cond-expr","locations":[{"start":{"line":451,"column":19},"end":{"line":457,"column":69}},{"start":{"line":458,"column":18},"end":{"line":458,"column":61}}],"line":450},"40":{"loc":{"start":{"line":459,"column":12},"end":{"line":572,"column":61}},"type":"cond-expr","locations":[{"start":{"line":460,"column":19},"end":{"line":571,"column":18}},{"start":{"line":572,"column":18},"end":{"line":572,"column":61}}],"line":459},"41":{"loc":{"start":{"line":478,"column":73},"end":{"line":478,"column":129}},"type":"binary-expr","locations":[{"start":{"line":478,"column":73},"end":{"line":478,"column":102}},{"start":{"line":478,"column":106},"end":{"line":478,"column":129}}],"line":478},"42":{"loc":{"start":{"line":490,"column":73},"end":{"line":490,"column":128}},"type":"binary-expr","locations":[{"start":{"line":490,"column":73},"end":{"line":490,"column":101}},{"start":{"line":490,"column":105},"end":{"line":490,"column":128}}],"line":490},"43":{"loc":{"start":{"line":506,"column":73},"end":{"line":506,"column":130}},"type":"binary-expr","locations":[{"start":{"line":506,"column":73},"end":{"line":506,"column":103}},{"start":{"line":506,"column":107},"end":{"line":506,"column":130}}],"line":506},"44":{"loc":{"start":{"line":522,"column":67},"end":{"line":522,"column":164}},"type":"binary-expr","locations":[{"start":{"line":522,"column":67},"end":{"line":522,"column":76}},{"start":{"line":522,"column":81},"end":{"line":522,"column":163}}],"line":522},"45":{"loc":{"start":{"line":526,"column":73},"end":{"line":526,"column":129}},"type":"binary-expr","locations":[{"start":{"line":526,"column":73},"end":{"line":526,"column":102}},{"start":{"line":526,"column":106},"end":{"line":526,"column":129}}],"line":526},"46":{"loc":{"start":{"line":541,"column":73},"end":{"line":541,"column":130}},"type":"binary-expr","locations":[{"start":{"line":541,"column":73},"end":{"line":541,"column":103}},{"start":{"line":541,"column":107},"end":{"line":541,"column":130}}],"line":541},"47":{"loc":{"start":{"line":557,"column":73},"end":{"line":557,"column":129}},"type":"binary-expr","locations":[{"start":{"line":557,"column":73},"end":{"line":557,"column":102}},{"start":{"line":557,"column":106},"end":{"line":557,"column":129}}],"line":557},"48":{"loc":{"start":{"line":573,"column":12},"end":{"line":597,"column":61}},"type":"cond-expr","locations":[{"start":{"line":574,"column":19},"end":{"line":596,"column":18}},{"start":{"line":597,"column":18},"end":{"line":597,"column":61}}],"line":573},"49":{"loc":{"start":{"line":586,"column":59},"end":{"line":586,"column":156}},"type":"binary-expr","locations":[{"start":{"line":586,"column":59},"end":{"line":586,"column":68}},{"start":{"line":586,"column":73},"end":{"line":586,"column":155}}],"line":586},"50":{"loc":{"start":{"line":598,"column":12},"end":{"line":600,"column":61}},"type":"cond-expr","locations":[{"start":{"line":599,"column":19},"end":{"line":599,"column":98}},{"start":{"line":600,"column":18},"end":{"line":600,"column":61}}],"line":598},"51":{"loc":{"start":{"line":598,"column":13},"end":{"line":598,"column":63}},"type":"binary-expr","locations":[{"start":{"line":598,"column":13},"end":{"line":598,"column":31}},{"start":{"line":598,"column":35},"end":{"line":598,"column":63}}],"line":598},"52":{"loc":{"start":{"line":604,"column":33},"end":{"line":612,"column":30}},"type":"binary-expr","locations":[{"start":{"line":604,"column":33},"end":{"line":604,"column":43}},{"start":{"line":604,"column":48},"end":{"line":612,"column":29}}],"line":604},"53":{"loc":{"start":{"line":611,"column":40},"end":{"line":611,"column":88}},"type":"binary-expr","locations":[{"start":{"line":611,"column":40},"end":{"line":611,"column":53}},{"start":{"line":611,"column":57},"end":{"line":611,"column":88}}],"line":611}},"s":{"0":0,"1":0,"2":0,"3":0,"4":0,"5":0,"6":0,"7":0,"8":0,"9":0,"10":0,"11":0,"12":0,"13":0,"14":0,"15":0,"16":0,"17":0,"18":0,"19":0,"20":0,"21":0,"22":0,"23":0,"24":0,"25":0,"26":0,"27":0,"28":0,"29":0,"30":0,"31":0,"32":0,"33":0,"34":0,"35":0,"36":0,"37":0,"38":0,"39":0,"40":0,"41":0,"42":0,"43":0,"44":0,"45":0,"46":0,"47":0,"48":0,"49":0,"50":0,"51":0,"52":0,"53":0,"54":0,"55":0,"56":0,"57":0,"58":0,"59":0,"60":0,"61":0,"62":0,"63":0,"64":0,"65":0,"66":0,"67":0,"68":0,"69":0,"70":0,"71":0,"72":0,"73":0,"74":0,"75":0,"76":0,"77":0,"78":0,"79":0,"80":0,"81":0,"82":0,"83":0,"84":0,"85":0,"86":0,"87":0,"88":0,"89":0,"90":0,"91":0,"92":0,"93":0,"94":0,"95":0,"96":0,"97":0,"98":0,"99":0,"100":0,"101":0,"102":0,"103":0,"104":0,"105":0,"106":0,"107":0,"108":0,"109":0,"110":0,"111":0,"112":0,"113":0,"114":0,"115":0,"116":0,"117":0,"118":0,"119":0},"f":{"0":0,"1":0,"2":0,"3":0,"4":0,"5":0,"6":0,"7":0,"8":0,"9":0,"10":0,"11":0,"12":0,"13":0,"14":0,"15":0,"16":0,"17":0,"18":0,"19":0,"20":0,"21":0,"22":0,"23":0,"24":0,"25":0,"26":0,"27":0,"28":0,"29":0,"30":0,"31":0,"32":0,"33":0,"34":0,"35":0,"36":0,"37":0,"38":0,"39":0,"40":0,"41":0,"42":0,"43":0,"44":0,"45":0,"46":0,"47":0,"48":0,"49":0,"50":0,"51":0,"52":0,"53":0,"54":0,"55":0,"56":0,"57":0,"58":0,"59":0,"60":0,"61":0,"62":0,"63":0,"64":0},"b":{"0":[0,0,0],"1":[0,0],"2":[0,0],"3":[0,0],"4":[0,0],"5":[0,0],"6":[0,0,0],"7":[0,0],"8":[0,0],"9":[0,0],"10":[0,0],"11":[0,0],"12":[0,0],"13":[0,0],"14":[0,0],"15":[0,0],"16":[0,0],"17":[0,0],"18":[0,0],"19":[0,0],"20":[0,0],"21":[0,0],"22":[0,0],"23":[0,0],"24":[0,0],"25":[0,0],"26":[0,0],"27":[0,0],"28":[0,0],"29":[0,0],"30":[0,0],"31":[0,0],"32":[0,0],"33":[0,0],"34":[0,0],"35":[0,0],"36":[0,0],"37":[0,0],"38":[0,0],"39":[0,0],"40":[0,0],"41":[0,0],"42":[0,0],"43":[0,0],"44":[0,0],"45":[0,0],"46":[0,0],"47":[0,0],"48":[0,0],"49":[0,0],"50":[0,0],"51":[0,0],"52":[0,0],"53":[0,0]},"inputSourceMap":{"0":"{","1":"\"","2":"v","3":"e","4":"r","5":"s","6":"i","7":"o","8":"n","9":"\"","10":":","11":"3","12":",","13":"\"","14":"s","15":"o","16":"u","17":"r","18":"c","19":"e","20":"s","21":"\"","22":":","23":"[","24":"\"","25":"/","26":"U","27":"s","28":"e","29":"r","30":"s","31":"/","32":"r","33":"a","34":"s","35":"u","36":"l","37":".","38":"a","39":"g","40":"h","41":"a","42":"r","43":"z","44":"a","45":"y","46":"e","47":"v","48":"/","49":"l","50":"o","51":"a","52":"n","53":"-","54":"a","55":"p","56":"p","57":"l","58":"i","59":"c","60":"a","61":"t","62":"i","63":"o","64":"n","65":"/","66":"s","67":"r","68":"c","69":"/","70":"c","71":"o","72":"m","73":"p","74":"o","75":"n","76":"e","77":"n","78":"t","79":"s","80":"/","81":"A","82":"p","83":"p","84":"l","85":"i","86":"c","87":"a","88":"t","89":"i","90":"o","91":"n","92":"F","93":"o","94":"r","95":"m","96":".","97":"v","98":"u","99":"e","100":"\"","101":"]","102":",","103":"\"","104":"n","105":"a","106":"m","107":"e","108":"s","109":"\"","110":":","111":"[","112":"]","113":",","114":"\"","115":"m","116":"a","117":"p","118":"p","119":"i","120":"n","121":"g","122":"s","123":"\"","124":":","125":"\"","126":";","127":";","128":"A","129":"A","130":"s","131":"Q","132":"A","133":",","134":"I","135":"A","136":"A","137":"I","138":",","139":"e","140":"A","141":"A","142":"e","143":",","144":"G","145":"A","146":"A","147":"I","148":",","149":"I","150":"A","151":"A","152":"I","153":",","154":"I","155":"A","156":"A","157":"I","158":",","159":"I","160":"A","161":"A","162":"I","163":",","164":"C","165":"A","166":"A","167":"C","168":",","169":"e","170":"A","171":"A","172":"e","173":",","174":"I","175":"A","176":"A","177":"K","178":",","179":"U","180":"A","181":"A","182":"U","183":",","184":"G","185":"A","186":"A","187":"G","188":",","189":"E","190":"A","191":"A","192":"E","193":";","194":"E","195":"A","196":"C","197":"n","198":"E","199":",","200":"O","201":"A","202":"A","203":"Q","204":",","205":"G","206":"A","207":"A","208":"G","209":",","210":"I","211":"A","212":"A","213":"I","214":",","215":"G","216":"A","217":"A","218":"G","219":",","220":"C","221":"A","222":"A","223":"C","224":",","225":"U","226":"A","227":"A","228":"U","229":",","230":"G","231":"A","232":"A","233":"I","234":",","235":"G","236":"A","237":"A","238":"G","239":",","240":"G","241":"A","242":"A","243":"G","244":";","245":"I","246":"A","247":"A","248":"E","249":",","250":"S","251":"A","252":"A","253":"S","254":",","255":"E","256":"A","257":"A","258":"E","259":";","260":"E","261":"A","262":"A","263":"I","264":",","265":"C","266":"A","267":"A","268":"C","269":";","270":"A","271":"A","272":"C","273":"7","274":"D","275":",","276":"C","277":"A","278":"A","279":"C","280":";","281":"A","282":"A","283":"C","284":"D","285":",","286":"M","287":"A","288":"A","289":"M","290":",","291":"C","292":"A","293":"A","294":"C","295":",","296":"c","297":"A","298":"A","299":"c","300":",","301":"C","302":"A","303":"A","304":"C","305":",","306":"O","307":"A","308":"A","309":"O","310":",","311":"E","312":"A","313":"A","314":"E","315":",","316":"Y","317":"A","318":"A","319":"Y","320":",","321":"E","322":"A","323":"A","324":"E","325":";","326":"E","327":"A","328":"A","329":"E","330":",","331":"K","332":"A","333":"A","334":"K","335":",","336":"E","337":"A","338":"A","339":"E","340":";","341":"A","342":"A","343":"A","344":"K","345":",","346":"C","347":"A","348":"A","349":"C","350":",","351":"C","352":"A","353":"A","354":"C","355":";","356":"A","357":"A","358":"C","359":"7","360":"D","361":",","362":"I","363":"A","364":"A","365":"I","366":",","367":"K","368":"A","369":"A","370":"K","371":",","372":"G","373":"A","374":"A","375":"G","376":",","377":"O","378":"A","379":"A","380":"O","381":",","382":"C","383":"A","384":"A","385":"C","386":",","387":"K","388":"A","389":"A","390":"K","391":",","392":"C","393":"A","394":"A","395":"C","396":";","397":"A","398":"A","399":"C","400":"1","401":"B","402":",","403":"I","404":"A","405":"A","406":"I","407":",","408":"W","409":"A","410":"A","411":"W","412":",","413":"G","414":"A","415":"A","416":"G","417":",","418":"O","419":"A","420":"A","421":"O","422":",","423":"C","424":"A","425":"A","426":"C","427":",","428":"o","429":"B","430":"A","431":"A","432":"o","433":"B","434":",","435":"C","436":"A","437":"A","438":"C","439":";","440":"A","441":"A","442":"C","443":"/","444":"C","445":",","446":"I","447":"A","448":"A","449":"I","450":",","451":"e","452":"A","453":"A","454":"e","455":",","456":"G","457":"A","458":"A","459":"G","460":",","461":"e","462":"A","463":"A","464":"e","465":",","466":"C","467":"A","468":"A","469":"C","470":",","471":"O","472":"A","473":"A","474":"O","475":",","476":"C","477":"A","478":"A","479":"C","480":",","481":"i","482":"B","483":"A","484":"A","485":"i","486":"B","487":",","488":"C","489":"A","490":"A","491":"C","492":",","493":"C","494":"A","495":"A","496":"C","497":";","498":"I","499":"A","500":"C","501":"7","502":"D","503":",","504":"e","505":"A","506":"A","507":"e","508":",","509":"G","510":"A","511":"A","512":"G","513":",","514":"e","515":"A","516":"A","517":"e","518":",","519":"C","520":"A","521":"A","522":"C","523":",","524":"O","525":"A","526":"A","527":"O","528":",","529":"C","530":"A","531":"A","532":"C","533":",","534":"i","535":"B","536":"A","537":"A","538":"i","539":"B","540":",","541":"C","542":"A","543":"A","544":"C","545":",","546":"C","547":"A","548":"A","549":"C","550":";","551":"I","552":"A","553":"C","554":"7","555":"D","556":",","557":"a","558":"A","559":"A","560":"a","561":",","562":"G","563":"A","564":"A","565":"G","566":",","567":"e","568":"A","569":"A","570":"e","571":",","572":"C","573":"A","574":"A","575":"C","576":",","577":"O","578":"A","579":"A","580":"O","581":",","582":"C","583":"A","584":"A","585":"C","586":",","587":"e","588":"A","589":"A","590":"e","591":",","592":"C","593":"A","594":"A","595":"C","596":",","597":"C","598":"A","599":"A","600":"C","601":";","602":"O","603":"A","604":"C","605":"t","606":"D","607":",","608":"C","609":"A","610":"A","611":"C","612":",","613":"O","614":"A","615":"A","616":"O","617":",","618":"G","619":"A","620":"A","621":"G","622":",","623":"C","624":"A","625":"A","626":"C","627":",","628":"C","629":"A","630":"A","631":"C","632":",","633":"E","634":"A","635":"A","636":"E","637":",","638":"K","639":"A","640":"A","641":"K","642":",","643":"C","644":"A","645":"A","646":"C","647":",","648":"e","649":"A","650":"A","651":"e","652":",","653":"E","654":"A","655":"A","656":"E","657":";","658":"E","659":"A","660":"C","661":"z","662":"C","663":",","664":"K","665":"A","666":"A","667":"K","668":",","669":"E","670":"A","671":"A","672":"E","673":";","674":"I","675":"A","676":"C","677":"H","678":",","679":"O","680":"A","681":"A","682":"O","683":",","684":"E","685":"A","686":"A","687":"E","688":";","689":"M","690":"A","691":"C","692":"L","693":",","694":"I","695":"A","696":"A","697":"I","698":",","699":"E","700":"A","701":"A","702":"E","703":",","704":"M","705":"A","706":"A","707":"M","708":";","709":"M","710":"A","711":"C","712":"Z","713":",","714":"O","715":"A","716":"A","717":"O","718":",","719":"E","720":"A","721":"A","722":"E","723":";","724":"Q","725":"A","726":"C","727":"L","728":",","729":"W","730":"A","731":"A","732":"W","733":",","734":"E","735":"A","736":"A","737":"E","738":",","739":"I","740":"A","741":"A","742":"I","743":";","744":"Q","745":"A","746":"C","747":"j","748":"B","749":",","750":"I","751":"A","752":"A","753":"I","754":",","755":"E","756":"A","757":"A","758":"E","759":";","760":"M","761":"A","762":"C","763":"V","764":";","765":"I","766":"A","767":"C","768":"J","769":",","770":"C","771":"A","772":"A","773":"C","774":";","775":"I","776":"A","777":"C","778":"D","779":",","780":"K","781":"A","782":"A","783":"K","784":",","785":"E","786":"A","787":"A","788":"E","789":";","790":"M","791":"A","792":"C","793":"H","794":",","795":"I","796":"A","797":"A","798":"I","799":",","800":"E","801":"A","802":"A","803":"E","804":",","805":"M","806":"A","807":"A","808":"M","809":";","810":"M","811":"A","812":"C","813":"Z","814":",","815":"O","816":"A","817":"A","818":"O","819":",","820":"E","821":"A","822":"A","823":"E","824":";","825":"Q","826":"A","827":"C","828":"L","829":",","830":"S","831":"A","832":"A","833":"S","834":",","835":"E","836":"A","837":"A","838":"E","839":",","840":"I","841":"A","842":"A","843":"I","844":";","845":"Q","846":"A","847":"C","848":"f","849":",","850":"I","851":"A","852":"A","853":"I","854":",","855":"E","856":"A","857":"A","858":"E","859":";","860":"M","861":"A","862":"C","863":"V","864":";","865":"I","866":"A","867":"C","868":"J","869":",","870":"C","871":"A","872":"A","873":"C","874":";","875":"I","876":"A","877":"C","878":"D","879":",","880":"I","881":"A","882":"A","883":"I","884":",","885":"E","886":"A","887":"A","888":"E","889":";","890":"M","891":"A","892":"C","893":"F","894":",","895":"I","896":"A","897":"A","898":"I","899":",","900":"E","901":"A","902":"A","903":"E","904":",","905":"M","906":"A","907":"A","908":"M","909":";","910":"M","911":"A","912":"C","913":"Z","914":",","915":"O","916":"A","917":"A","918":"O","919":",","920":"E","921":"A","922":"A","923":"E","924":";","925":"Q","926":"A","927":"C","928":"L","929":",","930":"I","931":"A","932":"A","933":"I","934":",","935":"E","936":"A","937":"A","938":"E","939":";","940":"M","941":"A","942":"C","943":"V","944":";","945":"I","946":"A","947":"C","948":"J","949":";","950":"E","951":"A","952":"C","953":"J","954":",","955":"C","956":"A","957":"A","958":"C","959":";","960":"E","961":"A","962":"C","963":"D","964":",","965":"I","966":"A","967":"A","968":"I","969":",","970":"E","971":"A","972":"A","973":"E","974":",","975":"Y","976":"A","977":"A","978":"Y","979":";","980":"I","981":"A","982":"C","983":"d","984":",","985":"O","986":"A","987":"A","988":"O","989":";","990":"M","991":"A","992":"C","993":"H","994":",","995":"i","996":"B","997":"A","998":"A","999":"i","1000":"B","1001":",","1002":"E","1003":"A","1004":"A","1005":"E","1006":",","1007":"K","1008":"A","1009":"A","1010":"K","1011":";","1012":"M","1013":"A","1014":"C","1015":"x","1016":"B","1017":",","1018":"Y","1019":"A","1020":"A","1021":"Y","1022":",","1023":"E","1024":"A","1025":"A","1026":"E","1027":",","1028":"I","1029":"A","1030":"A","1031":"I","1032":";","1033":"M","1034":"A","1035":"C","1036":"l","1037":"B","1038":",","1039":"s","1040":"B","1041":"A","1042":"A","1043":"s","1044":"B","1045":",","1046":"E","1047":"A","1048":"A","1049":"E","1050":",","1051":"K","1052":"A","1053":"A","1054":"K","1055":";","1056":"M","1057":"A","1058":"C","1059":"7","1060":"B","1061":",","1062":"o","1063":"B","1064":"A","1065":"A","1066":"o","1067":"B","1068":",","1069":"E","1070":"A","1071":"A","1072":"E","1073":",","1074":"K","1075":"A","1076":"A","1077":"K","1078":";","1079":"M","1080":"A","1081":"C","1082":"3","1083":"B","1084":",","1085":"4","1086":"B","1087":"A","1088":"A","1089":"4","1090":"B","1091":",","1092":"E","1093":"A","1094":"A","1095":"E","1096":",","1097":"I","1098":"A","1099":"A","1100":"I","1101":";","1102":"M","1103":"A","1104":"C","1105":"l","1106":"C","1107":",","1108":"o","1109":"B","1110":"A","1111":"A","1112":"o","1113":"B","1114":",","1115":"E","1116":"A","1117":"A","1118":"E","1119":",","1120":"K","1121":"A","1122":"A","1123":"K","1124":";","1125":"M","1126":"A","1127":"C","1128":"3","1129":"B","1130":",","1131":"u","1132":"B","1133":"A","1134":"A","1135":"u","1136":"B","1137":",","1138":"E","1139":"A","1140":"A","1141":"E","1142":",","1143":"K","1144":"A","1145":"A","1146":"K","1147":";","1148":"M","1149":"A","1150":"C","1151":"9","1152":"B","1153":",","1154":"k","1155":"B","1156":"A","1157":"A","1158":"k","1159":"B","1160":",","1161":"E","1162":"A","1163":"A","1164":"E","1165":",","1166":"C","1167":"A","1168":"A","1169":"C","1170":",","1171":"C","1172":"A","1173":"A","1174":"C","1175":",","1176":"E","1177":"A","1178":"A","1179":"E","1180":",","1181":"W","1182":"A","1183":"A","1184":"W","1185":",","1186":"C","1187":"A","1188":"A","1189":"C","1190":",","1191":"e","1192":"A","1193":"A","1194":"e","1195":",","1196":"E","1197":"A","1198":"A","1199":"E","1200":",","1201":"C","1202":"A","1203":"A","1204":"C","1205":";","1206":"M","1207":"A","1208":"C","1209":"t","1210":"D","1211":",","1212":"M","1213":"A","1214":"A","1215":"M","1216":",","1217":"E","1218":"A","1219":"A","1220":"E","1221":",","1222":"C","1223":"A","1224":"A","1225":"C","1226":",","1227":"C","1228":"A","1229":"A","1230":"C","1231":",","1232":"E","1233":"A","1234":"A","1235":"E","1236":",","1237":"W","1238":"A","1239":"A","1240":"W","1241":",","1242":"C","1243":"A","1244":"A","1245":"C","1246":",","1247":"S","1248":"A","1249":"A","1250":"S","1251":",","1252":"E","1253":"A","1254":"A","1255":"E","1256":",","1257":"I","1258":"A","1259":"A","1260":"I","1261":",","1262":"C","1263":"A","1264":"A","1265":"C","1266":",","1267":"O","1268":"A","1269":"A","1270":"O","1271":",","1272":"C","1273":"A","1274":"A","1275":"C","1276":",","1277":"W","1278":"A","1279":"A","1280":"W","1281":",","1282":"C","1283":"A","1284":"A","1285":"C","1286":";","1287":"M","1288":"A","1289":"C","1290":"5","1291":"D","1292":",","1293":"M","1294":"A","1295":"A","1296":"M","1297":",","1298":"E","1299":"A","1300":"A","1301":"E","1302":",","1303":"E","1304":"A","1305":"A","1306":"E","1307":";","1308":"M","1309":"A","1310":"C","1311":"V","1312":",","1313":"Y","1314":"A","1315":"A","1316":"Y","1317":",","1318":"E","1319":"A","1320":"A","1321":"E","1322":";","1323":"Q","1324":"A","1325":"C","1326":"V","1327":",","1328":"a","1329":"A","1330":"A","1331":"a","1332":",","1333":"E","1334":"A","1335":"A","1336":"E","1337":",","1338":"I","1339":"A","1340":"A","1341":"I","1342":";","1343":"Q","1344":"A","1345":"C","1346":"n","1347":"B","1348":",","1349":"Y","1350":"A","1351":"A","1352":"Y","1353":",","1354":"E","1355":"A","1356":"A","1357":"E","1358":",","1359":"I","1360":"A","1361":"A","1362":"I","1363":";","1364":"Q","1365":"A","1366":"C","1367":"l","1368":"B","1369":",","1370":"e","1371":"A","1372":"A","1373":"e","1374":",","1375":"E","1376":"A","1377":"A","1378":"E","1379":",","1380":"I","1381":"A","1382":"A","1383":"I","1384":";","1385":"Q","1386":"A","1387":"C","1388":"r","1389":"B","1390":",","1391":"U","1392":"A","1393":"A","1394":"U","1395":",","1396":"E","1397":"A","1398":"A","1399":"E","1400":",","1401":"E","1402":"A","1403":"A","1404":"E","1405":";","1406":"Q","1407":"A","1408":"C","1409":"d","1410":",","1411":"S","1412":"A","1413":"A","1414":"S","1415":",","1416":"E","1417":"A","1418":"A","1419":"E","1420":",","1421":"E","1422":"A","1423":"A","1424":"E","1425":";","1426":"Q","1427":"A","1428":"C","1429":"b","1430":",","1431":"a","1432":"A","1433":"A","1434":"a","1435":",","1436":"E","1437":"A","1438":"A","1439":"E","1440":",","1441":"E","1442":"A","1443":"A","1444":"E","1445":";","1446":"Q","1447":"A","1448":"C","1449":"j","1450":"B","1451":",","1452":"U","1453":"A","1454":"A","1455":"U","1456":",","1457":"E","1458":"A","1459":"A","1460":"E","1461":",","1462":"E","1463":"A","1464":"A","1465":"E","1466":";","1467":"Q","1468":"A","1469":"C","1470":"d","1471":",","1472":"S","1473":"A","1474":"A","1475":"S","1476":",","1477":"E","1478":"A","1479":"A","1480":"E","1481":",","1482":"E","1483":"A","1484":"A","1485":"E","1486":";","1487":"Q","1488":"A","1489":"C","1490":"b","1491":",","1492":"Q","1493":"A","1494":"A","1495":"Q","1496":",","1497":"E","1498":"A","1499":"A","1500":"E","1501":",","1502":"E","1503":"A","1504":"A","1505":"E","1506":";","1507":"Q","1508":"A","1509":"C","1510":"Z","1511":",","1512":"U","1513":"A","1514":"A","1515":"U","1516":",","1517":"E","1518":"A","1519":"A","1520":"E","1521":",","1522":"E","1523":"A","1524":"A","1525":"E","1526":";","1527":"Q","1528":"A","1529":"C","1530":"d","1531":",","1532":"S","1533":"A","1534":"A","1535":"S","1536":",","1537":"E","1538":"A","1539":"A","1540":"E","1541":",","1542":"I","1543":"A","1544":"A","1545":"I","1546":";","1547":"Q","1548":"A","1549":"C","1550":"f","1551":",","1552":"U","1553":"A","1554":"A","1555":"U","1556":",","1557":"E","1558":"A","1559":"A","1560":"E","1561":",","1562":"E","1563":"A","1564":"A","1565":"E","1566":";","1567":"Q","1568":"A","1569":"C","1570":"d","1571":",","1572":"S","1573":"A","1574":"A","1575":"S","1576":",","1577":"E","1578":"A","1579":"A","1580":"E","1581":";","1582":"M","1583":"A","1584":"C","1585":"f","1586":";","1587":"I","1588":"A","1589":"C","1590":"J","1591":",","1592":"C","1593":"A","1594":"A","1595":"C","1596":";","1597":"E","1598":"A","1599":"C","1600":"L","1601":",","1602":"C","1603":"A","1604":"A","1605":"C","1606":";","1607":"E","1608":"A","1609":"C","1610":"D","1611":",","1612":"O","1613":"A","1614":"A","1615":"O","1616":",","1617":"E","1618":"A","1619":"A","1620":"E","1621":";","1622":"I","1623":"A","1624":"C","1625":"L","1626":",","1627":"S","1628":"A","1629":"A","1630":"S","1631":",","1632":"E","1633":"A","1634":"A","1635":"E","1636":",","1637":"U","1638":"A","1639":"A","1640":"U","1641":",","1642":"I","1643":"A","1644":"A","1645":"I","1646":",","1647":"E","1648":"A","1649":"A","1650":"E","1651":";","1652":"M","1653":"A","1654":"C","1655":"v","1656":"B","1657":",","1658":"O","1659":"A","1660":"A","1661":"O","1662":";","1663":"Q","1664":"A","1665":"C","1666":"H","1667":",","1668":"K","1669":"A","1670":"A","1671":"K","1672":",","1673":"E","1674":"A","1675":"A","1676":"E","1677":",","1678":"I","1679":"A","1680":"A","1681":"I","1682":",","1683":"C","1684":"A","1685":"A","1686":"C","1687":";","1688":"M","1689":"A","1690":"C","1691":"h","1692":"B","1693":",","1694":"C","1695":"A","1696":"A","1697":"C","1698":";","1699":"I","1700":"A","1701":"C","1702":"L","1703":",","1704":"C","1705":"A","1706":"A","1707":"C","1708":";","1709":"I","1710":"A","1711":"C","1712":"D","1713":",","1714":"e","1715":"A","1716":"A","1717":"e","1718":",","1719":"E","1720":"A","1721":"A","1722":"E","1723":",","1724":"Y","1725":"A","1726":"A","1727":"Y","1728":";","1729":"M","1730":"A","1731":"C","1732":"z","1733":"B","1734":",","1735":"I","1736":"A","1737":"A","1738":"I","1739":",","1740":"E","1741":"A","1742":"A","1743":"E","1744":";","1745":"M","1746":"A","1747":"C","1748":"N","1749":",","1750":"I","1751":"A","1752":"A","1753":"I","1754":",","1755":"C","1756":"A","1757":"A","1758":"C","1759":",","1760":"I","1761":"A","1762":"A","1763":"I","1764":",","1765":"C","1766":"A","1767":"A","1768":"C","1769":",","1770":"Y","1771":"A","1772":"A","1773":"Y","1774":",","1775":"C","1776":"A","1777":"A","1778":"C","1779":",","1780":"a","1781":"A","1782":"A","1783":"a","1784":",","1785":"E","1786":"A","1787":"A","1788":"E","1789":";","1790":"Q","1791":"A","1792":"C","1793":"l","1794":"C","1795":";","1796":"M","1797":"A","1798":"C","1799":"J","1800":";","1801":"M","1802":"A","1803":"C","1804":"A","1805":",","1806":"I","1807":"A","1808":"A","1809":"I","1810":",","1811":"C","1812":"A","1813":"A","1814":"C","1815":",","1816":"M","1817":"A","1818":"A","1819":"M","1820":",","1821":"G","1822":"A","1823":"A","1824":"G","1825":",","1826":"C","1827":"A","1828":"A","1829":"C","1830":",","1831":"C","1832":"A","1833":"A","1834":"C","1835":",","1836":"E","1837":"A","1838":"A","1839":"E","1840":",","1841":"W","1842":"A","1843":"A","1844":"W","1845":",","1846":"C","1847":"A","1848":"A","1849":"C","1850":",","1851":"S","1852":"A","1853":"A","1854":"S","1855":",","1856":"E","1857":"A","1858":"A","1859":"E","1860":",","1861":"I","1862":"A","1863":"A","1864":"I","1865":",","1866":"C","1867":"A","1868":"A","1869":"C","1870":",","1871":"O","1872":"A","1873":"A","1874":"O","1875":",","1876":"C","1877":"A","1878":"A","1879":"C","1880":",","1881":"W","1882":"A","1883":"A","1884":"W","1885":",","1886":"E","1887":"A","1888":"A","1889":"E","1890":",","1891":"C","1892":"A","1893":"A","1894":"C","1895":",","1896":"E","1897":"A","1898":"A","1899":"E","1900":",","1901":"G","1902":"A","1903":"A","1904":"G","1905":",","1906":"I","1907":"A","1908":"A","1909":"I","1910":",","1911":"C","1912":"A","1913":"A","1914":"C","1915":",","1916":"Y","1917":"A","1918":"A","1919":"Y","1920":",","1921":"C","1922":"A","1923":"A","1924":"C","1925":",","1926":"a","1927":"A","1928":"A","1929":"a","1930":",","1931":"M","1932":"A","1933":"A","1934":"M","1935":",","1936":"I","1937":"A","1938":"A","1939":"I","1940":",","1941":"I","1942":"A","1943":"A","1944":"I","1945":",","1946":"E","1947":"A","1948":"A","1949":"E","1950":",","1951":"K","1952":"A","1953":"A","1954":"K","1955":",","1956":"K","1957":"A","1958":"A","1959":"K","1960":",","1961":"C","1962":"A","1963":"A","1964":"C","1965":",","1966":"G","1967":"A","1968":"A","1969":"G","1970":",","1971":"K","1972":"A","1973":"A","1974":"K","1975":",","1976":"C","1977":"A","1978":"A","1979":"C","1980":",","1981":"G","1982":"A","1983":"A","1984":"G","1985":",","1986":"E","1987":"A","1988":"A","1989":"E","1990":",","1991":"C","1992":"A","1993":"A","1994":"C","1995":",","1996":"S","1997":"A","1998":"A","1999":"S","2000":",","2001":"C","2002":"A","2003":"A","2004":"C","2005":";","2006":"I","2007":"A","2008":"C","2009":"h","2010":"K","2011":",","2012":"C","2013":"A","2014":"A","2015":"C","2016":";","2017":"I","2018":"A","2019":"C","2020":"D","2021":",","2022":"g","2023":"B","2024":"A","2025":"A","2026":"g","2027":"B","2028":",","2029":"E","2030":"A","2031":"A","2032":"E","2033":",","2034":"Y","2035":"A","2036":"A","2037":"Y","2038":";","2039":"M","2040":"A","2041":"C","2042":"1","2043":"B","2044":",","2045":"I","2046":"A","2047":"A","2048":"I","2049":",","2050":"C","2051":"A","2052":"A","2053":"C","2054":",","2055":"o","2056":"B","2057":"A","2058":"A","2059":"o","2060":"B","2061":",","2062":"G","2063":"A","2064":"A","2065":"G","2066":",","2067":"C","2068":"A","2069":"A","2070":"C","2071":",","2072":"I","2073":"A","2074":"A","2075":"I","2076":",","2077":"C","2078":"A","2079":"A","2080":"C","2081":",","2082":"o","2083":"B","2084":"A","2085":"A","2086":"o","2087":"B","2088":";","2089":"I","2090":"A","2091":"C","2092":"1","2093":"D","2094":",","2095":"C","2096":"A","2097":"A","2098":"C","2099":";","2100":"I","2101":"A","2102":"C","2103":"D","2104":",","2105":"o","2106":"B","2107":"A","2108":"A","2109":"o","2110":"B","2111":",","2112":"E","2113":"A","2114":"A","2115":"E","2116":",","2117":"Y","2118":"A","2119":"A","2120":"Y","2121":";","2122":"M","2123":"A","2124":"C","2125":"9","2126":"B","2127":",","2128":"I","2129":"A","2130":"A","2131":"I","2132":",","2133":"C","2134":"A","2135":"A","2136":"C","2137":",","2138":"u","2139":"B","2140":"A","2141":"A","2142":"u","2143":"B","2144":",","2145":"G","2146":"A","2147":"A","2148":"G","2149":",","2150":"C","2151":"A","2152":"A","2153":"C","2154":",","2155":"I","2156":"A","2157":"A","2158":"I","2159":",","2160":"C","2161":"A","2162":"A","2163":"C","2164":",","2165":"u","2166":"B","2167":"A","2168":"A","2169":"u","2170":"B","2171":";","2172":"I","2173":"A","2174":"C","2175":"h","2176":"E","2177":",","2178":"C","2179":"A","2180":"A","2181":"C","2182":";","2183":"I","2184":"A","2185":"C","2186":"D","2187":",","2188":"g","2189":"B","2190":"A","2191":"A","2192":"g","2193":"B","2194":",","2195":"E","2196":"A","2197":"A","2198":"E","2199":",","2200":"Y","2201":"A","2202":"A","2203":"Y","2204":";","2205":"M","2206":"A","2207":"C","2208":"1","2209":"B","2210":",","2211":"I","2212":"A","2213":"A","2214":"I","2215":",","2216":"C","2217":"A","2218":"A","2219":"C","2220":",","2221":"o","2222":"B","2223":"A","2224":"A","2225":"o","2226":"B","2227":",","2228":"G","2229":"A","2230":"A","2231":"G","2232":",","2233":"K","2234":"A","2235":"A","2236":"K","2237":";","2238":"I","2239":"A","2240":"C","2241":"r","2242":"C","2243":",","2244":"C","2245":"A","2246":"A","2247":"C","2248":";","2249":"I","2250":"A","2251":"C","2252":"D","2253":",","2254":"w","2255":"B","2256":"A","2257":"A","2258":"w","2259":"B","2260":",","2261":"E","2262":"A","2263":"A","2264":"E","2265":",","2266":"Y","2267":"A","2268":"A","2269":"Y","2270":";","2271":"M","2272":"A","2273":"C","2274":"l","2275":"C","2276":",","2277":"I","2278":"A","2279":"A","2280":"I","2281":",","2282":"C","2283":"A","2284":"A","2285":"C","2286":",","2287":"u","2288":"B","2289":"A","2290":"A","2291":"u","2292":"B","2293":",","2294":"G","2295":"A","2296":"A","2297":"G","2298":",","2299":"K","2300":"A","2301":"A","2302":"K","2303":";","2304":"I","2305":"A","2306":"C","2307":"x","2308":"C","2309":",","2310":"C","2311":"A","2312":"A","2313":"C","2314":";","2315":"I","2316":"A","2317":"C","2318":"D","2319":",","2320":"Q","2321":"A","2322":"A","2323":"Q","2324":",","2325":"E","2326":"A","2327":"A","2328":"E","2329":",","2330":"Y","2331":"A","2332":"A","2333":"Y","2334":";","2335":"M","2336":"A","2337":"C","2338":"l","2339":"B","2340":",","2341":"I","2342":"A","2343":"A","2344":"I","2345":",","2346":"C","2347":"A","2348":"A","2349":"C","2350":",","2351":"K","2352":"A","2353":"A","2354":"K","2355":",","2356":"C","2357":"A","2358":"A","2359":"C","2360":",","2361":"I","2362":"A","2363":"A","2364":"I","2365":",","2366":"C","2367":"A","2368":"A","2369":"C","2370":",","2371":"Q","2372":"A","2373":"A","2374":"Q","2375":",","2376":"C","2377":"A","2378":"A","2379":"C","2380":",","2381":"C","2382":"A","2383":"A","2384":"C","2385":";","2386":"I","2387":"A","2388":"C","2389":"9","2390":"B","2391":";","2392":"E","2393":"A","2394":"C","2395":"J","2396":",","2397":"C","2398":"A","2399":"A","2400":"C","2401":";","2402":"E","2403":"A","2404":"C","2405":"D","2406":",","2407":"U","2408":"A","2409":"A","2410":"U","2411":",","2412":"E","2413":"A","2414":"A","2415":"E","2416":";","2417":"I","2418":"A","2419":"C","2420":"R","2421":",","2422":"S","2423":"A","2424":"A","2425":"S","2426":",","2427":"E","2428":"A","2429":"A","2430":"E","2431":",","2432":"e","2433":"A","2434":"A","2435":"e","2436":",","2437":"C","2438":"A","2439":"A","2440":"C","2441":",","2442":"O","2443":"A","2444":"A","2445":"O","2446":"\"","2447":",","2448":"\"","2449":"f","2450":"i","2451":"l","2452":"e","2453":"\"","2454":":","2455":"\"","2456":"/","2457":"U","2458":"s","2459":"e","2460":"r","2461":"s","2462":"/","2463":"r","2464":"a","2465":"s","2466":"u","2467":"l","2468":".","2469":"a","2470":"g","2471":"h","2472":"a","2473":"r","2474":"z","2475":"a","2476":"y","2477":"e","2478":"v","2479":"/","2480":"l","2481":"o","2482":"a","2483":"n","2484":"-","2485":"a","2486":"p","2487":"p","2488":"l","2489":"i","2490":"c","2491":"a","2492":"t","2493":"i","2494":"o","2495":"n","2496":"/","2497":"s","2498":"r","2499":"c","2500":"/","2501":"c","2502":"o","2503":"m","2504":"p","2505":"o","2506":"n","2507":"e","2508":"n","2509":"t","2510":"s","2511":"/","2512":"A","2513":"p","2514":"p","2515":"l","2516":"i","2517":"c","2518":"a","2519":"t","2520":"i","2521":"o","2522":"n","2523":"F","2524":"o","2525":"r","2526":"m","2527":".","2528":"v","2529":"u","2530":"e","2531":"\"","2532":",","2533":"\"","2534":"s","2535":"o","2536":"u","2537":"r","2538":"c","2539":"e","2540":"s","2541":"C","2542":"o","2543":"n","2544":"t","2545":"e","2546":"n","2547":"t","2548":"\"","2549":":","2550":"[","2551":"\"","2552":"<","2553":"t","2554":"e","2555":"m","2556":"p","2557":"l","2558":"a","2559":"t","2560":"e","2561":">","2562":"\\","2563":"n","2564":"\\","2565":"t","2566":"<","2567":"v","2568":"-","2569":"f","2570":"o","2571":"r","2572":"m","2573":" ","2574":"c","2575":"l","2576":"a","2577":"s","2578":"s","2579":"=","2580":"\\","2581":"\"","2582":"a","2583":"p","2584":"p","2585":"l","2586":"i","2587":"c","2588":"a","2589":"t","2590":"i","2591":"o","2592":"n","2593":"-","2594":"f","2595":"o","2596":"r","2597":"m","2598":"\\","2599":"\"","2600":">","2601":"\\","2602":"n","2603":"\\","2604":"t","2605":"\\","2606":"t","2607":"<","2608":"v","2609":"-","2610":"c","2611":"o","2612":"n","2613":"t","2614":"a","2615":"i","2616":"n","2617":"e","2618":"r","2619":" ","2620":"c","2621":"l","2622":"a","2623":"s","2624":"s","2625":"=","2626":"\\","2627":"\"","2628":"a","2629":"p","2630":"p","2631":"l","2632":"i","2633":"c","2634":"a","2635":"t","2636":"i","2637":"o","2638":"n","2639":"-","2640":"f","2641":"o","2642":"r","2643":"m","2644":"_","2645":"_","2646":"p","2647":"e","2648":"r","2649":"s","2650":"o","2651":"n","2652":"a","2653":"l","2654":"-","2655":"d","2656":"a","2657":"t","2658":"a","2659":"\\","2660":"\"","2661":">","2662":"\\","2663":"n","2664":"\\","2665":"t","2666":"\\","2667":"t","2668":"\\","2669":"t","2670":"<","2671":"p","2672":">","2673":"P","2674":"e","2675":"r","2676":"s","2677":"o","2678":"n","2679":"a","2680":"l","2681":" ","2682":"d","2683":"a","2684":"t","2685":"a","2686":"<","2687":"/","2688":"p","2689":">","2690":"\\","2691":"n","2692":"\\","2693":"t","2694":"\\","2695":"t","2696":"\\","2697":"t","2698":"<","2699":"v","2700":"-","2701":"r","2702":"o","2703":"w","2704":">","2705":"\\","2706":"n","2707":"\\","2708":"t","2709":"\\","2710":"t","2711":"\\","2712":"t","2713":"\\","2714":"t","2715":"<","2716":"v","2717":"-","2718":"c","2719":"o","2720":"l","2721":" ","2722":"c","2723":"o","2724":"l","2725":"s","2726":"=","2727":"\\","2728":"\"","2729":"1","2730":"2","2731":"\\","2732":"\"","2733":" ","2734":"s","2735":"m","2736":"=","2737":"\\","2738":"\"","2739":"6","2740":"\\","2741":"\"","2742":">","2743":"\\","2744":"n","2745":"\\","2746":"t","2747":"\\","2748":"t","2749":"\\","2750":"t","2751":"\\","2752":"t","2753":"\\","2754":"t","2755":"<","2756":"v","2757":"-","2758":"t","2759":"e","2760":"x","2761":"t","2762":"-","2763":"f","2764":"i","2765":"e","2766":"l","2767":"d","2768":"\\","2769":"n","2770":"\\","2771":"t","2772":"\\","2773":"t","2774":"\\","2775":"t","2776":"\\","2777":"t","2778":"\\","2779":"t","2780":"\\","2781":"t","2782":":","2783":"m","2784":"o","2785":"d","2786":"e","2787":"l","2788":"-","2789":"v","2790":"a","2791":"l","2792":"u","2793":"e","2794":"=","2795":"\\","2796":"\"","2797":"c","2798":"o","2799":"u","2800":"n","2801":"t","2802":"r","2803":"y","2804":".","2805":"n","2806":"a","2807":"m","2808":"e","2809":"\\","2810":"\"","2811":"\\","2812":"n","2813":"\\","2814":"t","2815":"\\","2816":"t","2817":"\\","2818":"t","2819":"\\","2820":"t","2821":"\\","2822":"t","2823":"\\","2824":"t","2825":"l","2826":"a","2827":"b","2828":"e","2829":"l","2830":"=","2831":"\\","2832":"\"","2833":"C","2834":"o","2835":"u","2836":"n","2837":"t","2838":"r","2839":"y","2840":"\\","2841":"\"","2842":"\\","2843":"n","2844":"\\","2845":"t","2846":"\\","2847":"t","2848":"\\","2849":"t","2850":"\\","2851":"t","2852":"\\","2853":"t","2854":"\\","2855":"t","2856":"v","2857":"a","2858":"r","2859":"i","2860":"a","2861":"n","2862":"t","2863":"=","2864":"\\","2865":"\"","2866":"o","2867":"u","2868":"t","2869":"l","2870":"i","2871":"n","2872":"e","2873":"d","2874":"\\","2875":"\"","2876":"\\","2877":"n","2878":"\\","2879":"t","2880":"\\","2881":"t","2882":"\\","2883":"t","2884":"\\","2885":"t","2886":"\\","2887":"t","2888":"\\","2889":"t","2890":"d","2891":"i","2892":"s","2893":"a","2894":"b","2895":"l","2896":"e","2897":"d","2898":"\\","2899":"n","2900":"\\","2901":"t","2902":"\\","2903":"t","2904":"\\","2905":"t","2906":"\\","2907":"t","2908":"\\","2909":"t","2910":"\\","2911":"t","2912":"d","2913":"e","2914":"n","2915":"s","2916":"i","2917":"t","2918":"y","2919":"=","2920":"\\","2921":"\"","2922":"c","2923":"o","2924":"m","2925":"p","2926":"a","2927":"c","2928":"t","2929":"\\","2930":"\"","2931":"\\","2932":"n","2933":"\\","2934":"t","2935":"\\","2936":"t","2937":"\\","2938":"t","2939":"\\","2940":"t","2941":"\\","2942":"t","2943":">","2944":"<","2945":"/","2946":"v","2947":"-","2948":"t","2949":"e","2950":"x","2951":"t","2952":"-","2953":"f","2954":"i","2955":"e","2956":"l","2957":"d","2958":">","2959":"\\","
[...]
,"/Users/rasul.agharzayev/loan-application/src/layouts/default/View.vue": {"path":"/Users/rasul.agharzayev/loan-application/src/layouts/default/View.vue","statementMap":{"0":{"start":{"line":3,"column":0},"end":{"line":5,"column":3}},"1":{"start":{"line":6,"column":12},"end":{"line":6,"column":26}},"2":{"start":{"line":7,"column":0},"end":{"line":20,"column":3}},"3":{"start":{"line":10,"column":19},"end":{"line":10,"column":28}},"4":{"start":{"line":11,"column":4},"end":{"line":11,"column":15}},"5":{"start":{"line":13,"column":23},"end":{"line":13,"column":25}},"6":{"start":{"line":14,"column":4},"end":{"line":17,"column":7}},"7":{"start":{"line":18,"column":4},"end":{"line":18,"column":24}},"8":{"start":{"line":22,"column":0},"end":{"line":22,"column":62}},"9":{"start":{"line":23,"column":0},"end":{"line":23,"column":24}},"10":{"start":{"line":24,"column":12},"end":{"line":24,"column":26}},"11":{"start":{"line":26,"column":33},"end":{"line":26,"column":75}},"12":{"start":{"line":27,"column":28},"end":{"line":27,"column":65}},"13":{"start":{"line":28,"column":4},"end":{"line":33,"column":8}},"14":{"start":{"line":29,"column":50},"end":{"line":31,"column":10}},"15":{"start":{"line":35,"column":0},"end":{"line":35,"column":24}},"16":{"start":{"line":36,"column":1},"end":{"line":36,"column":48}}},"fnMap":{"0":{"name":"(anonymous_0)","decl":{"start":{"line":9,"column":9},"end":{"line":9,"column":10}},"loc":{"start":{"line":9,"column":32},"end":{"line":19,"column":3}},"line":9},"1":{"name":"render","decl":{"start":{"line":25,"column":9},"end":{"line":25,"column":15}},"loc":{"start":{"line":25,"column":63},"end":{"line":34,"column":1}},"line":25},"2":{"name":"(anonymous_2)","decl":{"start":{"line":29,"column":36},"end":{"line":29,"column":37}},"loc":{"start":{"line":29,"column":48},"end":{"line":31,"column":12}},"line":29}},"branchMap":{},"s":{"0":0,"1":0,"2":0,"3":0,"4":0,"5":0,"6":0,"7":0,"8":0,"9":0,"10":0,"11":0,"12":0,"13":0,"14":0,"15":0,"16":0},"f":{"0":0,"1":0,"2":0},"b":{},"inputSourceMap":{"0":"{","1":"\"","2":"v","3":"e","4":"r","5":"s","6":"i","7":"o","8":"n","9":"\"","10":":","11":"3","12":",","13":"\"","14":"s","15":"o","16":"u","17":"r","18":"c","19":"e","20":"s","21":"\"","22":":","23":"[","24":"\"","25":"/","26":"U","27":"s","28":"e","29":"r","30":"s","31":"/","32":"r","33":"a","34":"s","35":"u","36":"l","37":".","38":"a","39":"g","40":"h","41":"a","42":"r","43":"z","44":"a","45":"y","46":"e","47":"v","48":"/","49":"l","50":"o","51":"a","52":"n","53":"-","54":"a","55":"p","56":"p","57":"l","58":"i","59":"c","60":"a","61":"t","62":"i","63":"o","64":"n","65":"/","66":"s","67":"r","68":"c","69":"/","70":"l","71":"a","72":"y","73":"o","74":"u","75":"t","76":"s","77":"/","78":"d","79":"e","80":"f","81":"a","82":"u","83":"l","84":"t","85":"/","86":"V","87":"i","88":"e","89":"w","90":".","91":"v","92":"u","93":"e","94":"\"","95":"]","96":",","97":"\"","98":"n","99":"a","100":"m","101":"e","102":"s","103":"\"","104":":","105":"[","106":"]","107":",","108":"\"","109":"m","110":"a","111":"p","112":"p","113":"i","114":"n","115":"g","116":"s","117":"\"","118":":","119":"\"","120":";","121":";","122":";","123":";","124":";","125":";","126":";","127":";","128":";","129":"I","130":"A","131":"M","132":"Q","133":",","134":"I","135":"A","136":"A","137":"I","138":",","139":"Q","140":"A","141":"A","142":"Q","143":",","144":"G","145":"A","146":"A","147":"G","148":",","149":"E","150":"A","151":"A","152":"E","153":",","154":"C","155":"A","156":"A","157":"C","158":",","159":"M","160":"A","161":"A","162":"M","163":";","164":"I","165":"A","166":"C","167":"x","168":"B","169":",","170":"Q","171":"A","172":"A","173":"Q","174":",","175":"C","176":"A","177":"A","178":"C","179":",","180":"C","181":"A","182":"A","183":"C","184":"\"","185":",","186":"\"","187":"f","188":"i","189":"l","190":"e","191":"\"","192":":","193":"\"","194":"/","195":"U","196":"s","197":"e","198":"r","199":"s","200":"/","201":"r","202":"a","203":"s","204":"u","205":"l","206":".","207":"a","208":"g","209":"h","210":"a","211":"r","212":"z","213":"a","214":"y","215":"e","216":"v","217":"/","218":"l","219":"o","220":"a","221":"n","222":"-","223":"a","224":"p","225":"p","226":"l","227":"i","228":"c","229":"a","230":"t","231":"i","232":"o","233":"n","234":"/","235":"s","236":"r","237":"c","238":"/","239":"l","240":"a","241":"y","242":"o","243":"u","244":"t","245":"s","246":"/","247":"d","248":"e","249":"f","250":"a","251":"u","252":"l","253":"t","254":"/","255":"V","256":"i","257":"e","258":"w","259":".","260":"v","261":"u","262":"e","263":"\"","264":",","265":"\"","266":"s","267":"o","268":"u","269":"r","270":"c","271":"e","272":"s","273":"C","274":"o","275":"n","276":"t","277":"e","278":"n","279":"t","280":"\"","281":":","282":"[","283":"\"","284":"<","285":"t","286":"e","287":"m","288":"p","289":"l","290":"a","291":"t","292":"e","293":">","294":"\\","295":"n","296":" ","297":" ","298":"<","299":"v","300":"-","301":"m","302":"a","303":"i","304":"n","305":">","306":"\\","307":"n","308":" ","309":" ","310":" ","311":" ","312":"<","313":"r","314":"o","315":"u","316":"t","317":"e","318":"r","319":"-","320":"v","321":"i","322":"e","323":"w","324":" ","325":"/","326":">","327":"\\","328":"n","329":" ","330":" ","331":"<","332":"/","333":"v","334":"-","335":"m","336":"a","337":"i","338":"n","339":">","340":"\\","341":"n","342":"<","343":"/","344":"t","345":"e","346":"m","347":"p","348":"l","349":"a","350":"t","351":"e","352":">","353":"\\","354":"n","355":"\\","356":"n","357":"<","358":"s","359":"c","360":"r","361":"i","362":"p","363":"t","364":" ","365":"l","366":"a","367":"n","368":"g","369":"=","370":"\\","371":"\"","372":"t","373":"s","374":"\\","375":"\"","376":" ","377":"s","378":"e","379":"t","380":"u","381":"p","382":">","383":"\\","384":"n","385":" ","386":" ","387":"/","388":"/","389":"\\","390":"n","391":"<","392":"/","393":"s","394":"c","395":"r","396":"i","397":"p","398":"t","399":">","400":"\\","401":"n","402":"\"","403":"]","404":"}"}}
,"/Users/rasul.agharzayev/loan-application/src/plugins/index.ts": {"path":"/Users/rasul.agharzayev/loan-application/src/plugins/index.ts","statementMap":{"0":{"start":{"line":8,"column":0},"end":{"line":8,"column":31}},"1":{"start":{"line":14,"column":2},"end":{"line":15,"column":null}},"2":{"start":{"line":13,"column":0},"end":{"line":13,"column":16}}},"fnMap":{"0":{"name":"registerPlugins","decl":{"start":{"line":13,"column":16},"end":{"line":13,"column":31}},"loc":{"start":{"line":13,"column":41},"end":{"line":16,"column":1}}}},"branchMap":{},"s":{"0":0,"1":0,"2":0},"f":{"0":0},"b":{}}
,"/Users/rasul.agharzayev/loan-application/src/plugins/vuetify.ts": {"path":"/Users/rasul.agharzayev/loan-application/src/plugins/vuetify.ts","statementMap":{"0":{"start":{"line":8,"column":0},"end":{"line":8,"column":46}},"1":{"start":{"line":9,"column":0},"end":{"line":9,"column":23}},"2":{"start":{"line":12,"column":0},"end":{"line":12,"column":39}},"3":{"start":{"line":15,"column":0},"end":{"line":15,"column":51}},"4":{"start":{"line":18,"column":0},"end":{"line":36,"column":null}}},"fnMap":{},"branchMap":{},"s":{"0":0,"1":0,"2":0,"3":0,"4":0},"f":{},"b":{}}
,"/Users/rasul.agharzayev/loan-application/src/utils/locations.ts": {"path":"/Users/rasul.agharzayev/loan-application/src/utils/locations.ts","statementMap":{"0":{"start":{"line":2,"column":0},"end":{"line":2,"column":56}},"1":{"start":{"line":4,"column":31},"end":{"line":10,"column":1}},"2":{"start":{"line":5,"column":22},"end":{"line":5,"column":43}},"3":{"start":{"line":6,"column":4},"end":{"line":9,"column":null}},"4":{"start":{"line":6,"column":39},"end":{"line":9,"column":6}},"5":{"start":{"line":4,"column":13},"end":{"line":4,"column":31}},"6":{"start":{"line":11,"column":25},"end":{"line":17,"column":1}},"7":{"start":{"line":12,"column":20},"end":{"line":12,"column":55}},"8":{"start":{"line":13,"column":4},"end":{"line":16,"column":null}},"9":{"start":{"line":13,"column":43},"end":{"line":16,"column":6}},"10":{"start":{"line":11,"column":13},"end":{"line":11,"column":25}},"11":{"start":{"line":19,"column":25},"end":{"line":24,"column":1}},"12":{"start":{"line":20,"column":20},"end":{"line":20,"column":64}},"13":{"start":{"line":21,"column":4},"end":{"line":23,"column":null}},"14":{"start":{"line":21,"column":41},"end":{"line":23,"column":6}},"15":{"start":{"line":19,"column":13},"end":{"line":19,"column":25}}},"fnMap":{"0":{"name":"(anonymous_1)","decl":{"start":{"line":4,"column":31},"end":{"line":4,"column":46}},"loc":{"start":{"line":4,"column":48},"end":{"line":10,"column":1}}},"1":{"name":"(anonymous_2)","decl":{"start":{"line":6,"column":25},"end":{"line":6,"column":26}},"loc":{"start":{"line":6,"column":37},"end":{"line":9,"column":6}}},"2":{"name":"(anonymous_3)","decl":{"start":{"line":11,"column":25},"end":{"line":11,"column":26}},"loc":{"start":{"line":11,"column":59},"end":{"line":17,"column":1}}},"3":{"name":"(anonymous_4)","decl":{"start":{"line":13,"column":22},"end":{"line":13,"column":23}},"loc":{"start":{"line":13,"column":40},"end":{"line":16,"column":6}}},"4":{"name":"(anonymous_5)","decl":{"start":{"line":19,"column":25},"end":{"line":19,"column":26}},"loc":{"start":{"line":19,"column":77},"end":{"line":24,"column":1}}},"5":{"name":"(anonymous_6)","decl":{"start":{"line":21,"column":22},"end":{"line":21,"column":23}},"loc":{"start":{"line":21,"column":38},"end":{"line":23,"column":6}}}},"branchMap":{},"s":{"0":0,"1":0,"2":0,"3":0,"4":0,"5":0,"6":0,"7":0,"8":0,"9":0,"10":0,"11":0,"12":0,"13":0,"14":0,"15":0},"f":{"0":0,"1":0,"2":0,"3":0,"4":0,"5":0},"b":{}}
,"/Users/rasul.agharzayev/loan-application/src/views/Home.vue": {"path":"/Users/rasul.agharzayev/loan-application/src/views/Home.vue","statementMap":{"0":{"start":{"line":3,"column":22},"end":{"line":7,"column":1}},"1":{"start":{"line":4,"column":2},"end":{"line":6,"column":4}},"2":{"start":{"line":8,"column":0},"end":{"line":10,"column":3}},"3":{"start":{"line":11,"column":12},"end":{"line":11,"column":26}},"4":{"start":{"line":12,"column":26},"end":{"line":12,"column":84}},"5":{"start":{"line":13,"column":25},"end":{"line":13,"column":82}},"6":{"start":{"line":14,"column":28},"end":{"line":14,"column":88}},"7":{"start":{"line":15,"column":0},"end":{"line":31,"column":3}},"8":{"start":{"line":18,"column":19},"end":{"line":18,"column":28}},"9":{"start":{"line":19,"column":4},"end":{"line":19,"column":15}},"10":{"start":{"line":20,"column":23},"end":{"line":24,"column":5}},"11":{"start":{"line":25,"column":4},"end":{"line":28,"column":7}},"12":{"start":{"line":29,"column":4},"end":{"line":29,"column":24}},"13":{"start":{"line":33,"column":0},"end":{"line":33,"column":62}},"14":{"start":{"line":34,"column":0},"end":{"line":34,"column":24}},"15":{"start":{"line":35,"column":12},"end":{"line":35,"column":26}},"16":{"start":{"line":37,"column":4},"end":{"line":41,"column":34}},"17":{"start":{"line":43,"column":0},"end":{"line":43,"column":24}},"18":{"start":{"line":44,"column":1},"end":{"line":44,"column":48}}},"fnMap":{"0":{"name":"(anonymous_0)","decl":{"start":{"line":3,"column":54},"end":{"line":3,"column":55}},"loc":{"start":{"line":3,"column":69},"end":{"line":7,"column":1}},"line":3},"1":{"name":"(anonymous_1)","decl":{"start":{"line":17,"column":9},"end":{"line":17,"column":10}},"loc":{"start":{"line":17,"column":32},"end":{"line":30,"column":3}},"line":17},"2":{"name":"render","decl":{"start":{"line":36,"column":9},"end":{"line":36,"column":15}},"loc":{"start":{"line":36,"column":63},"end":{"line":42,"column":1}},"line":36}},"branchMap":{"0":{"loc":{"start":{"line":3,"column":22},"end":{"line":7,"column":1}},"type":"binary-expr","locations":[{"start":{"line":3,"column":22},"end":{"line":3,"column":26}},{"start":{"line":3,"column":30},"end":{"line":3,"column":50}},{"start":{"line":3,"column":54},"end":{"line":7,"column":1}}],"line":3},"1":{"loc":{"start":{"line":4,"column":9},"end":{"line":6,"column":3}},"type":"cond-expr","locations":[{"start":{"line":4,"column":33},"end":{"line":4,"column":36}},{"start":{"line":4,"column":39},"end":{"line":6,"column":3}}],"line":4},"2":{"loc":{"start":{"line":4,"column":9},"end":{"line":4,"column":30}},"type":"binary-expr","locations":[{"start":{"line":4,"column":9},"end":{"line":4,"column":12}},{"start":{"line":4,"column":16},"end":{"line":4,"column":30}}],"line":4}},"s":{"0":0,"1":0,"2":0,"3":0,"4":0,"5":0,"6":0,"7":0,"8":0,"9":0,"10":0,"11":0,"12":0,"13":0,"14":0,"15":0,"16":0,"17":0,"18":0},"f":{"0":0,"1":0,"2":0},"b":{"0":[0,0,0],"1":[0,0],"2":[0,0]},"inputSourceMap":{"0":"{","1":"\"","2":"v","3":"e","4":"r","5":"s","6":"i","7":"o","8":"n","9":"\"","10":":","11":"3","12":",","13":"\"","14":"s","15":"o","16":"u","17":"r","18":"c","19":"e","20":"s","21":"\"","22":":","23":"[","24":"\"","25":"/","26":"U","27":"s","28":"e","29":"r","30":"s","31":"/","32":"r","33":"a","34":"s","35":"u","36":"l","37":".","38":"a","39":"g","40":"h","41":"a","42":"r","43":"z","44":"a","45":"y","46":"e","47":"v","48":"/","49":"l","50":"o","51":"a","52":"n","53":"-","54":"a","55":"p","56":"p","57":"l","58":"i","59":"c","60":"a","61":"t","62":"i","63":"o","64":"n","65":"/","66":"s","67":"r","68":"c","69":"/","70":"v","71":"i","72":"e","73":"w","74":"s","75":"/","76":"H","77":"o","78":"m","79":"e","80":".","81":"v","82":"u","83":"e","84":"\"","85":"]","86":",","87":"\"","88":"n","89":"a","90":"m","91":"e","92":"s","93":"\"","94":":","95":"[","96":"]","97":",","98":"\"","99":"m","100":"a","101":"p","102":"p","103":"i","104":"n","105":"g","106":"s","107":"\"","108":":","109":"\"","110":";","111":";","112":"A","113":"A","114":"O","115":"A","116":",","117":"I","118":"A","119":"A","120":"I","121":",","122":"e","123":"A","124":"A","125":"e","126":",","127":"G","128":"A","129":"A","130":"I","131":",","132":"I","133":"A","134":"A","135":"I","136":",","137":"I","138":"A","139":"A","140":"I","141":",","142":"I","143":"A","144":"A","145":"I","146":",","147":"C","148":"A","149":"A","150":"C","151":",","152":"e","153":"A","154":"A","155":"e","156":",","157":"I","158":"A","159":"A","160":"K","161":",","162":"U","163":"A","164":"A","165":"U","166":",","167":"G","168":"A","169":"A","170":"G","171":",","172":"E","173":"A","174":"A","175":"E","176":";","177":"E","178":"A","179":"C","180":"n","181":"E","182":",","183":"O","184":"A","185":"A","186":"Q","187":",","188":"G","189":"A","190":"A","191":"G","192":",","193":"I","194":"A","195":"A","196":"I","197":",","198":"G","199":"A","200":"A","201":"G","202":",","203":"C","204":"A","205":"A","206":"C","207":",","208":"U","209":"A","210":"A","211":"U","212":",","213":"G","214":"A","215":"A","216":"I","217":",","218":"G","219":"A","220":"A","221":"G","222":",","223":"G","224":"A","225":"A","226":"G","227":";","228":"I","229":"A","230":"A","231":"E","232":",","233":"S","234":"A","235":"A","236":"S","237":",","238":"E","239":"A","240":"A","241":"E","242":";","243":"E","244":"A","245":"A","246":"I","247":",","248":"C","249":"A","250":"A","251":"C","252":";","253":"A","254":"A","255":"C","256":"7","257":"D","258":",","259":"C","260":"A","261":"A","262":"C","263":";","264":";","265":";","266":";","267":";","268":";","269":";","270":";","271":"A","272":"A","273":"H","274":"D","275":",","276":"O","277":"A","278":"A","279":"O","280":",","281":"C","282":"A","283":"A","284":"C","285":",","286":"O","287":"A","288":"A","289":"O","290":",","291":"G","292":"A","293":"A","294":"G","295":",","296":"C","297":"A","298":"A","299":"C","300":",","301":"C","302":"A","303":"A","304":"C","305":",","306":"E","307":"A","308":"A","309":"E","310":",","311":"K","312":"A","313":"A","314":"K","315":",","316":"C","317":"A","318":"A","319":"C","320":",","321":"e","322":"A","323":"A","324":"e","325":",","326":"E","327":"A","328":"A","329":"E","330":"\"","331":",","332":"\"","333":"f","334":"i","335":"l","336":"e","337":"\"","338":":","339":"\"","340":"/","341":"U","342":"s","343":"e","344":"r","345":"s","346":"/","347":"r","348":"a","349":"s","350":"u","351":"l","352":".","353":"a","354":"g","355":"h","356":"a","357":"r","358":"z","359":"a","360":"y","361":"e","362":"v","363":"/","364":"l","365":"o","366":"a","367":"n","368":"-","369":"a","370":"p","371":"p","372":"l","373":"i","374":"c","375":"a","376":"t","377":"i","378":"o","379":"n","380":"/","381":"s","382":"r","383":"c","384":"/","385":"v","386":"i","387":"e","388":"w","389":"s","390":"/","391":"H","392":"o","393":"m","394":"e","395":".","396":"v","397":"u","398":"e","399":"\"","400":",","401":"\"","402":"s","403":"o","404":"u","405":"r","406":"c","407":"e","408":"s","409":"C","410":"o","411":"n","412":"t","413":"e","414":"n","415":"t","416":"\"","417":":","418":"[","419":"\"","420":"<","421":"t","422":"e","423":"m","424":"p","425":"l","426":"a","427":"t","428":"e","429":">","430":"\\","431":"n","432":"\\","433":"t","434":"<","435":"l","436":"o","437":"a","438":"n","439":"-","440":"i","441":"n","442":"f","443":"o","444":"-","445":"b","446":"a","447":"d","448":"g","449":"e","450":" ","451":"/","452":">","453":"\\","454":"n","455":"\\","456":"t","457":"<","458":"c","459":"u","460":"s","461":"t","462":"o","463":"m","464":"e","465":"r","466":"-","467":"i","468":"n","469":"f","470":"o","471":" ","472":" ","473":"/","474":">","475":"\\","476":"n","477":"\\","478":"t","479":"<","480":"a","481":"p","482":"p","483":"l","484":"i","485":"c","486":"a","487":"t","488":"i","489":"o","490":"n","491":"-","492":"f","493":"o","494":"r","495":"m","496":" ","497":"/","498":">","499":"\\","500":"n","501":"<","502":"/","503":"t","504":"e","505":"m","506":"p","507":"l","508":"a","509":"t","510":"e","511":">","512":"\\","513":"n","514":"\\","515":"n","516":"<","517":"s","518":"c","519":"r","520":"i","521":"p","522":"t","523":" ","524":"l","525":"a","526":"n","527":"g","528":"=","529":"\\","530":"\"","531":"t","532":"s","533":"\\","534":"\"","535":" ","536":"s","537":"e","538":"t","539":"u","540":"p","541":">","542":"\\","543":"n","544":"i","545":"m","546":"p","547":"o","548":"r","549":"t","550":" ","551":"L","552":"o","553":"a","554":"n","555":"I","556":"n","557":"f","558":"o","559":"B","560":"a","561":"d","562":"g","563":"e","564":" ","565":"f","566":"r","567":"o","568":"m","569":" ","570":"'","571":"@","572":"/","573":"c","574":"o","575":"m","576":"p","577":"o","578":"n","579":"e","580":"n","581":"t","582":"s","583":"/","584":"L","585":"o","586":"a","587":"n","588":"I","589":"n","590":"f","591":"o","592":"B","593":"a","594":"d","595":"g","596":"e","597":".","598":"v","599":"u","600":"e","601":"'","602":";","603":"\\","604":"n","605":"i","606":"m","607":"p","608":"o","609":"r","610":"t","611":" ","612":"C","613":"u","614":"s","615":"t","616":"o","617":"m","618":"e","619":"r","620":"I","621":"n","622":"f","623":"o","624":" ","625":"f","626":"r","627":"o","628":"m","629":" ","630":"'","631":"@","632":"/","633":"c","634":"o","635":"m","636":"p","637":"o","638":"n","639":"e","640":"n","641":"t","642":"s","643":"/","644":"C","645":"u","646":"s","647":"t","648":"o","649":"m","650":"e","651":"r","652":"I","653":"n","654":"f","655":"o","656":".","657":"v","658":"u","659":"e","660":"'","661":";","662":"\\","663":"n","664":"i","665":"m","666":"p","667":"o","668":"r","669":"t","670":" ","671":"A","672":"p","673":"p","674":"l","675":"i","676":"c","677":"a","678":"t","679":"i","680":"o","681":"n","682":"F","683":"o","684":"r","685":"m","686":" ","687":"f","688":"r","689":"o","690":"m","691":" ","692":"'","693":"@","694":"/","695":"c","696":"o","697":"m","698":"p","699":"o","700":"n","701":"e","702":"n","703":"t","704":"s","705":"/","706":"A","707":"p","708":"p","709":"l","710":"i","711":"c","712":"a","713":"t","714":"i","715":"o","716":"n","717":"F","718":"o","719":"r","720":"m","721":".","722":"v","723":"u","724":"e","725":"'","726":";","727":"\\","728":"n","729":"<","730":"/","731":"s","732":"c","733":"r","734":"i","735":"p","736":"t","737":">","738":"\\","739":"n","740":"\"","741":"]","742":"}"}}
}
