TN:
SF:src/App.vue
FN:3,(anonymous_0)
FN:16,(anonymous_1)
FN:34,render
FNF:3
FNH:0
FNDA:0,(anonymous_0)
FNDA:0,(anonymous_1)
FNDA:0,render
DA:3,0
DA:4,0
DA:8,0
DA:11,0
DA:12,0
DA:13,0
DA:14,0
DA:17,0
DA:18,0
DA:19,0
DA:23,0
DA:27,0
DA:31,0
DA:32,0
DA:33,0
DA:35,0
DA:42,0
DA:43,0
LF:18
LH:0
BRDA:3,0,0,0
BRDA:3,0,1,0
BRDA:3,0,2,0
BRDA:4,1,0,0
BRDA:4,1,1,0
BRDA:4,2,0,0
BRDA:4,2,1,0
BRF:7
BRH:0
end_of_record
TN:
SF:src/vite-env.d.ts
FNF:0
FNH:0
LF:0
LH:0
BRF:0
BRH:0
end_of_record
TN:
SF:src/assets/index.ts
FN:1,(anonymous_1)
FN:2,(anonymous_2)
FN:3,(anonymous_3)
FN:4,(anonymous_4)
FN:5,(anonymous_5)
FNF:5
FNH:0
FNDA:0,(anonymous_1)
FNDA:0,(anonymous_2)
FNDA:0,(anonymous_3)
FNDA:0,(anonymous_4)
FNDA:0,(anonymous_5)
DA:1,0
DA:2,0
DA:3,0
DA:4,0
DA:5,0
LF:5
LH:0
BRF:0
BRH:0
end_of_record
TN:
SF:src/components/ApplicationForm.vue
FN:3,(anonymous_0)
FN:39,(anonymous_1)
FN:69,(anonymous_2)
FN:74,(anonymous_3)
FN:81,(anonymous_4)
FN:84,(anonymous_5)
FN:87,(anonymous_6)
FN:90,(anonymous_7)
FN:93,(anonymous_8)
FN:104,(anonymous_9)
FN:176,render
FN:190,(anonymous_11)
FN:192,(anonymous_12)
FN:195,(anonymous_13)
FN:200,(anonymous_14)
FN:215,(anonymous_15)
FN:220,(anonymous_16)
FN:230,(anonymous_17)
FN:239,(anonymous_18)
FN:242,(anonymous_19)
FN:247,(anonymous_20)
FN:259,(anonymous_21)
FN:262,(anonymous_22)
FN:264,(anonymous_23)
FN:277,(anonymous_24)
FN:281,(anonymous_25)
FN:294,(anonymous_26)
FN:296,(anonymous_27)
FN:298,(anonymous_28)
FN:302,(anonymous_29)
FN:312,(anonymous_30)
FN:316,(anonymous_31)
FN:326,(anonymous_32)
FN:330,(anonymous_33)
FN:353,(anonymous_34)
FN:358,(anonymous_35)
FN:361,(anonymous_36)
FN:375,(anonymous_37)
FN:380,(anonymous_38)
FN:383,(anonymous_39)
FN:392,(anonymous_40)
FN:419,(anonymous_41)
FN:424,(anonymous_42)
FN:427,(anonymous_43)
FN:436,(anonymous_44)
FN:464,(anonymous_45)
FN:466,(anonymous_46)
FN:471,(anonymous_47)
FN:478,(anonymous_48)
FN:487,(anonymous_49)
FN:490,(anonymous_50)
FN:503,(anonymous_51)
FN:506,(anonymous_52)
FN:519,(anonymous_53)
FN:522,(anonymous_54)
FN:526,(anonymous_55)
FN:538,(anonymous_56)
FN:541,(anonymous_57)
FN:554,(anonymous_58)
FN:557,(anonymous_59)
FN:578,(anonymous_60)
FN:583,(anonymous_61)
FN:586,(anonymous_62)
FN:602,(anonymous_63)
FN:606,(anonymous_64)
FNF:65
FNH:0
FNDA:0,(anonymous_0)
FNDA:0,(anonymous_1)
FNDA:0,(anonymous_2)
FNDA:0,(anonymous_3)
FNDA:0,(anonymous_4)
FNDA:0,(anonymous_5)
FNDA:0,(anonymous_6)
FNDA:0,(anonymous_7)
FNDA:0,(anonymous_8)
FNDA:0,(anonymous_9)
FNDA:0,render
FNDA:0,(anonymous_11)
FNDA:0,(anonymous_12)
FNDA:0,(anonymous_13)
FNDA:0,(anonymous_14)
FNDA:0,(anonymous_15)
FNDA:0,(anonymous_16)
FNDA:0,(anonymous_17)
FNDA:0,(anonymous_18)
FNDA:0,(anonymous_19)
FNDA:0,(anonymous_20)
FNDA:0,(anonymous_21)
FNDA:0,(anonymous_22)
FNDA:0,(anonymous_23)
FNDA:0,(anonymous_24)
FNDA:0,(anonymous_25)
FNDA:0,(anonymous_26)
FNDA:0,(anonymous_27)
FNDA:0,(anonymous_28)
FNDA:0,(anonymous_29)
FNDA:0,(anonymous_30)
FNDA:0,(anonymous_31)
FNDA:0,(anonymous_32)
FNDA:0,(anonymous_33)
FNDA:0,(anonymous_34)
FNDA:0,(anonymous_35)
FNDA:0,(anonymous_36)
FNDA:0,(anonymous_37)
FNDA:0,(anonymous_38)
FNDA:0,(anonymous_39)
FNDA:0,(anonymous_40)
FNDA:0,(anonymous_41)
FNDA:0,(anonymous_42)
FNDA:0,(anonymous_43)
FNDA:0,(anonymous_44)
FNDA:0,(anonymous_45)
FNDA:0,(anonymous_46)
FNDA:0,(anonymous_47)
FNDA:0,(anonymous_48)
FNDA:0,(anonymous_49)
FNDA:0,(anonymous_50)
FNDA:0,(anonymous_51)
FNDA:0,(anonymous_52)
FNDA:0,(anonymous_53)
FNDA:0,(anonymous_54)
FNDA:0,(anonymous_55)
FNDA:0,(anonymous_56)
FNDA:0,(anonymous_57)
FNDA:0,(anonymous_58)
FNDA:0,(anonymous_59)
FNDA:0,(anonymous_60)
FNDA:0,(anonymous_61)
FNDA:0,(anonymous_62)
FNDA:0,(anonymous_63)
FNDA:0,(anonymous_64)
DA:3,0
DA:4,0
DA:8,0
DA:11,0
DA:12,0
DA:13,0
DA:14,0
DA:15,0
DA:16,0
DA:40,0
DA:70,0
DA:76,0
DA:77,0
DA:79,0
DA:82,0
DA:85,0
DA:88,0
DA:91,0
DA:94,0
DA:103,0
DA:104,0
DA:105,0
DA:106,0
DA:107,0
DA:108,0
DA:111,0
DA:113,0
DA:114,0
DA:115,0
DA:116,0
DA:117,0
DA:118,0
DA:144,0
DA:147,0
DA:173,0
DA:177,0
DA:178,0
DA:179,0
DA:180,0
DA:181,0
DA:182,0
DA:183,0
DA:184,0
DA:185,0
DA:186,0
DA:187,0
DA:188,0
DA:189,0
DA:190,0
DA:192,0
DA:195,0
DA:200,0
DA:215,0
DA:220,0
DA:230,0
DA:239,0
DA:242,0
DA:247,0
DA:259,0
DA:262,0
DA:264,0
DA:277,0
DA:281,0
DA:294,0
DA:296,0
DA:298,0
DA:302,0
DA:312,0
DA:316,0
DA:326,0
DA:330,0
DA:353,0
DA:358,0
DA:361,0
DA:375,0
DA:380,0
DA:383,0
DA:393,0
DA:394,0
DA:395,0
DA:397,0
DA:419,0
DA:424,0
DA:427,0
DA:437,0
DA:438,0
DA:439,0
DA:441,0
DA:464,0
DA:466,0
DA:471,0
DA:478,0
DA:487,0
DA:490,0
DA:503,0
DA:506,0
DA:519,0
DA:522,0
DA:526,0
DA:538,0
DA:541,0
DA:554,0
DA:557,0
DA:578,0
DA:583,0
DA:586,0
DA:602,0
DA:607,0
DA:608,0
DA:609,0
DA:611,0
DA:621,0
DA:622,0
LF:113
LH:0
BRDA:3,0,0,0
BRDA:3,0,1,0
BRDA:3,0,2,0
BRDA:4,1,0,0
BRDA:4,1,1,0
BRDA:4,2,0,0
BRDA:4,2,1,0
BRDA:76,3,0,0
BRDA:76,3,1,0
BRDA:79,4,0,0
BRDA:79,4,1,0
BRDA:79,5,0,0
BRDA:79,5,1,0
BRDA:104,6,0,0
BRDA:104,6,1,0
BRDA:104,6,2,0
BRDA:105,7,0,0
BRDA:105,7,1,0
BRDA:105,8,0,0
BRDA:105,8,1,0
BRDA:106,9,0,0
BRDA:106,9,1,0
BRDA:106,10,0,0
BRDA:106,10,1,0
BRDA:107,11,0,0
BRDA:107,11,1,0
BRDA:111,12,0,0
BRDA:111,12,1,0
BRDA:217,13,0,0
BRDA:217,13,1,0
BRDA:220,14,0,0
BRDA:220,14,1,0
BRDA:230,15,0,0
BRDA:230,15,1,0
BRDA:242,16,0,0
BRDA:242,16,1,0
BRDA:243,17,0,0
BRDA:243,17,1,0
BRDA:247,18,0,0
BRDA:247,18,1,0
BRDA:262,19,0,0
BRDA:262,19,1,0
BRDA:263,20,0,0
BRDA:263,20,1,0
BRDA:264,21,0,0
BRDA:264,21,1,0
BRDA:280,22,0,0
BRDA:280,22,1,0
BRDA:281,23,0,0
BRDA:281,23,1,0
BRDA:301,24,0,0
BRDA:301,24,1,0
BRDA:302,25,0,0
BRDA:302,25,1,0
BRDA:315,26,0,0
BRDA:315,26,1,0
BRDA:316,27,0,0
BRDA:316,27,1,0
BRDA:329,28,0,0
BRDA:329,28,1,0
BRDA:330,29,0,0
BRDA:330,29,1,0
BRDA:361,30,0,0
BRDA:361,30,1,0
BRDA:383,31,0,0
BRDA:383,31,1,0
BRDA:390,32,0,0
BRDA:390,32,1,0
BRDA:397,33,0,0
BRDA:397,33,1,0
BRDA:406,34,0,0
BRDA:406,34,1,0
BRDA:409,35,0,0
BRDA:409,35,1,0
BRDA:427,36,0,0
BRDA:427,36,1,0
BRDA:434,37,0,0
BRDA:434,37,1,0
BRDA:441,38,0,0
BRDA:441,38,1,0
BRDA:450,39,0,0
BRDA:450,39,1,0
BRDA:459,40,0,0
BRDA:459,40,1,0
BRDA:478,41,0,0
BRDA:478,41,1,0
BRDA:490,42,0,0
BRDA:490,42,1,0
BRDA:506,43,0,0
BRDA:506,43,1,0
BRDA:522,44,0,0
BRDA:522,44,1,0
BRDA:526,45,0,0
BRDA:526,45,1,0
BRDA:541,46,0,0
BRDA:541,46,1,0
BRDA:557,47,0,0
BRDA:557,47,1,0
BRDA:573,48,0,0
BRDA:573,48,1,0
BRDA:586,49,0,0
BRDA:586,49,1,0
BRDA:598,50,0,0
BRDA:598,50,1,0
BRDA:598,51,0,0
BRDA:598,51,1,0
BRDA:604,52,0,0
BRDA:604,52,1,0
BRDA:611,53,0,0
BRDA:611,53,1,0
BRF:110
BRH:0
end_of_record
TN:
SF:src/components/CustomerInfo.vue
FN:22,(anonymous_0)
FN:33,(anonymous_1)
FN:40,(anonymous_2)
FN:45,(anonymous_3)
FN:54,(anonymous_4)
FN:156,render
FN:159,(anonymous_6)
FN:165,(anonymous_7)
FN:192,(anonymous_8)
FN:199,(anonymous_9)
FN:218,(anonymous_10)
FN:224,(anonymous_11)
FN:240,(anonymous_12)
FNF:13
FNH:0
FNDA:0,(anonymous_0)
FNDA:0,(anonymous_1)
FNDA:0,(anonymous_2)
FNDA:0,(anonymous_3)
FNDA:0,(anonymous_4)
FNDA:0,render
FNDA:0,(anonymous_6)
FNDA:0,(anonymous_7)
FNDA:0,(anonymous_8)
FNDA:0,(anonymous_9)
FNDA:0,(anonymous_10)
FNDA:0,(anonymous_11)
FNDA:0,(anonymous_12)
DA:3,0
DA:6,0
DA:7,0
DA:23,0
DA:34,0
DA:35,0
DA:37,0
DA:41,0
DA:42,0
DA:43,0
DA:46,0
DA:47,0
DA:48,0
DA:49,0
DA:53,0
DA:54,0
DA:55,0
DA:56,0
DA:57,0
DA:58,0
DA:61,0
DA:63,0
DA:64,0
DA:65,0
DA:66,0
DA:67,0
DA:68,0
DA:83,0
DA:86,0
DA:87,0
DA:88,0
DA:89,0
DA:93,0
DA:94,0
DA:98,0
DA:112,0
DA:113,0
DA:133,0
DA:134,0
DA:138,0
DA:153,0
DA:157,0
DA:158,0
DA:159,0
DA:165,0
DA:192,0
DA:200,0
DA:201,0
DA:202,0
DA:204,0
DA:218,0
DA:225,0
DA:226,0
DA:227,0
DA:229,0
DA:241,0
DA:242,0
DA:243,0
DA:245,0
DA:255,0
DA:256,0
LF:61
LH:0
BRDA:34,0,0,0
BRDA:34,0,1,0
BRDA:34,1,0,0
BRDA:34,1,1,0
BRDA:43,2,0,0
BRDA:43,2,1,0
BRDA:48,3,0,0
BRDA:48,3,1,0
BRDA:49,4,0,0
BRDA:49,4,1,0
BRDA:54,5,0,0
BRDA:54,5,1,0
BRDA:54,5,2,0
BRDA:55,6,0,0
BRDA:55,6,1,0
BRDA:55,7,0,0
BRDA:55,7,1,0
BRDA:56,8,0,0
BRDA:56,8,1,0
BRDA:56,9,0,0
BRDA:56,9,1,0
BRDA:57,10,0,0
BRDA:57,10,1,0
BRDA:61,11,0,0
BRDA:61,11,1,0
BRDA:165,12,0,0
BRDA:165,12,1,0
BRDA:171,13,0,0
BRDA:171,13,1,0
BRDA:177,14,0,0
BRDA:177,14,1,0
BRDA:180,15,0,0
BRDA:180,15,1,0
BRDA:180,16,0,0
BRDA:180,16,1,0
BRDA:180,16,2,0
BRDA:185,17,0,0
BRDA:185,17,1,0
BRDA:188,18,0,0
BRDA:188,18,1,0
BRDA:192,19,0,0
BRDA:192,19,1,0
BRDA:193,20,0,0
BRDA:193,20,1,0
BRDA:197,21,0,0
BRDA:197,21,1,0
BRDA:204,22,0,0
BRDA:204,22,1,0
BRDA:211,23,0,0
BRDA:211,23,1,0
BRDA:214,24,0,0
BRDA:214,24,1,0
BRDA:218,25,0,0
BRDA:218,25,1,0
BRDA:219,26,0,0
BRDA:219,26,1,0
BRDA:222,27,0,0
BRDA:222,27,1,0
BRDA:229,28,0,0
BRDA:229,28,1,0
BRDA:235,29,0,0
BRDA:235,29,1,0
BRDA:238,30,0,0
BRDA:238,30,1,0
BRDA:245,31,0,0
BRDA:245,31,1,0
BRF:66
BRH:0
end_of_record
TN:
SF:src/components/Heading.vue
FN:11,render
FNF:1
FNH:0
FNDA:0,render
DA:3,1
DA:6,1
DA:7,1
DA:8,1
DA:9,1
DA:10,1
DA:12,0
DA:17,1
DA:18,1
LF:9
LH:8
BRF:0
BRH:0
end_of_record
TN:
SF:src/components/InfoModal.vue
FN:23,(anonymous_0)
FN:29,(anonymous_1)
FN:66,render
FN:73,(anonymous_3)
FNF:4
FNH:0
FNDA:0,(anonymous_0)
FNDA:0,(anonymous_1)
FNDA:0,render
FNDA:0,(anonymous_3)
DA:3,0
DA:6,0
DA:7,0
DA:24,0
DA:28,0
DA:29,0
DA:30,0
DA:31,0
DA:32,0
DA:33,0
DA:36,0
DA:38,0
DA:39,0
DA:40,0
DA:41,0
DA:42,0
DA:43,0
DA:44,0
DA:62,0
DA:65,0
DA:67,0
DA:74,0
DA:75,0
DA:76,0
DA:78,0
DA:87,0
DA:88,0
LF:27
LH:0
BRDA:29,0,0,0
BRDA:29,0,1,0
BRDA:29,0,2,0
BRDA:30,1,0,0
BRDA:30,1,1,0
BRDA:30,2,0,0
BRDA:30,2,1,0
BRDA:31,3,0,0
BRDA:31,3,1,0
BRDA:31,4,0,0
BRDA:31,4,1,0
BRDA:32,5,0,0
BRDA:32,5,1,0
BRDA:36,6,0,0
BRDA:36,6,1,0
BRDA:71,7,0,0
BRDA:71,7,1,0
BRDA:78,8,0,0
BRDA:78,8,1,0
BRF:19
BRH:0
end_of_record
TN:
SF:src/components/LoanInfoBadge.vue
FN:18,render
FNF:1
FNH:0
FNDA:0,render
DA:3,0
DA:6,0
DA:7,0
DA:8,0
DA:11,0
DA:14,0
DA:17,0
DA:19,0
DA:20,0
LF:9
LH:0
BRF:0
BRH:0
end_of_record
TN:
SF:src/components/PepForm.vue
FN:8,(anonymous_0)
FN:21,render
FN:27,(anonymous_2)
FN:29,(anonymous_3)
FN:34,(anonymous_4)
FN:37,(anonymous_5)
FN:44,(anonymous_6)
FN:53,(anonymous_7)
FN:56,(anonymous_8)
FN:60,(anonymous_9)
FN:72,(anonymous_10)
FN:75,(anonymous_11)
FN:79,(anonymous_12)
FN:91,(anonymous_13)
FN:94,(anonymous_14)
FN:98,(anonymous_15)
FNF:16
FNH:0
FNDA:0,(anonymous_0)
FNDA:0,render
FNDA:0,(anonymous_2)
FNDA:0,(anonymous_3)
FNDA:0,(anonymous_4)
FNDA:0,(anonymous_5)
FNDA:0,(anonymous_6)
FNDA:0,(anonymous_7)
FNDA:0,(anonymous_8)
FNDA:0,(anonymous_9)
FNDA:0,(anonymous_10)
FNDA:0,(anonymous_11)
FNDA:0,(anonymous_12)
FNDA:0,(anonymous_13)
FNDA:0,(anonymous_14)
FNDA:0,(anonymous_15)
DA:3,0
DA:6,0
DA:7,0
DA:9,0
DA:17,0
DA:18,0
DA:19,0
DA:20,0
DA:22,0
DA:23,0
DA:24,0
DA:25,0
DA:26,0
DA:27,0
DA:29,0
DA:34,0
DA:37,0
DA:44,0
DA:53,0
DA:56,0
DA:60,0
DA:72,0
DA:75,0
DA:79,0
DA:91,0
DA:94,0
DA:98,0
DA:113,0
DA:114,0
LF:29
LH:0
BRDA:37,0,0,0
BRDA:37,0,1,0
BRDA:44,1,0,0
BRDA:44,1,1,0
BRDA:56,2,0,0
BRDA:56,2,1,0
BRDA:60,3,0,0
BRDA:60,3,1,0
BRDA:75,4,0,0
BRDA:75,4,1,0
BRDA:79,5,0,0
BRDA:79,5,1,0
BRDA:94,6,0,0
BRDA:94,6,1,0
BRDA:98,7,0,0
BRDA:98,7,1,0
BRF:16
BRH:0
end_of_record
TN:
SF:src/components/Seperator.vue
FN:15,render
FN:21,(anonymous_1)
FN:24,(anonymous_2)
FN:30,(anonymous_3)
FN:35,(anonymous_4)
FNF:5
FNH:0
FNDA:0,render
FNDA:0,(anonymous_1)
FNDA:0,(anonymous_2)
FNDA:0,(anonymous_3)
FNDA:0,(anonymous_4)
DA:3,0
DA:6,0
DA:7,0
DA:8,0
DA:11,0
DA:16,0
DA:17,0
DA:18,0
DA:21,0
DA:24,0
DA:30,0
DA:35,0
DA:41,0
LF:13
LH:0
BRF:0
BRH:0
end_of_record
TN:
SF:src/layouts/default/AppBar.vue
FN:9,(anonymous_0)
FN:25,render
FN:30,(anonymous_2)
FN:32,(anonymous_3)
FNF:4
FNH:0
FNDA:0,(anonymous_0)
FNDA:0,render
FNDA:0,(anonymous_2)
FNDA:0,(anonymous_3)
DA:3,0
DA:6,0
DA:7,0
DA:10,0
DA:11,0
DA:13,0
DA:14,0
DA:18,0
DA:22,0
DA:23,0
DA:24,0
DA:26,0
DA:27,0
DA:28,0
DA:29,0
DA:30,0
DA:32,0
DA:42,0
DA:43,0
LF:19
LH:0
BRF:0
BRH:0
end_of_record
TN:
SF:src/layouts/default/Default.vue
FN:3,(anonymous_0)
FN:16,(anonymous_1)
FN:34,render
FN:37,(anonymous_3)
FNF:4
FNH:0
FNDA:0,(anonymous_0)
FNDA:0,(anonymous_1)
FNDA:0,render
FNDA:0,(anonymous_3)
DA:3,0
DA:4,0
DA:8,0
DA:11,0
DA:12,0
DA:13,0
DA:14,0
DA:17,0
DA:18,0
DA:19,0
DA:23,0
DA:27,0
DA:31,0
DA:32,0
DA:33,0
DA:35,0
DA:36,0
DA:37,0
DA:44,0
DA:45,0
LF:20
LH:0
BRDA:3,0,0,0
BRDA:3,0,1,0
BRDA:3,0,2,0
BRDA:4,1,0,0
BRDA:4,1,1,0
BRDA:4,2,0,0
BRDA:4,2,1,0
BRF:7
BRH:0
end_of_record
TN:
SF:src/layouts/default/View.vue
FN:9,(anonymous_0)
FN:25,render
FN:29,(anonymous_2)
FNF:3
FNH:0
FNDA:0,(anonymous_0)
FNDA:0,render
FNDA:0,(anonymous_2)
DA:3,0
DA:6,0
DA:7,0
DA:10,0
DA:11,0
DA:13,0
DA:14,0
DA:18,0
DA:22,0
DA:23,0
DA:24,0
DA:26,0
DA:27,0
DA:28,0
DA:29,0
DA:35,0
DA:36,0
LF:17
LH:0
BRF:0
BRH:0
end_of_record
TN:
SF:src/plugins/index.ts
FN:13,registerPlugins
FNF:1
FNH:0
FNDA:0,registerPlugins
DA:8,0
DA:13,0
DA:14,0
LF:3
LH:0
BRF:0
BRH:0
end_of_record
TN:
SF:src/plugins/vuetify.ts
FNF:0
FNH:0
DA:8,0
DA:9,0
DA:12,0
DA:15,0
DA:18,0
LF:5
LH:0
BRF:0
BRH:0
end_of_record
TN:
SF:src/utils/locations.ts
FN:4,(anonymous_1)
FN:6,(anonymous_2)
FN:11,(anonymous_3)
FN:13,(anonymous_4)
FN:19,(anonymous_5)
FN:21,(anonymous_6)
FNF:6
FNH:0
FNDA:0,(anonymous_1)
FNDA:0,(anonymous_2)
FNDA:0,(anonymous_3)
FNDA:0,(anonymous_4)
FNDA:0,(anonymous_5)
FNDA:0,(anonymous_6)
DA:2,0
DA:4,0
DA:5,0
DA:6,0
DA:11,0
DA:12,0
DA:13,0
DA:19,0
DA:20,0
DA:21,0
LF:10
LH:0
BRF:0
BRH:0
end_of_record
TN:
SF:src/views/Home.vue
FN:3,(anonymous_0)
FN:17,(anonymous_1)
FN:36,render
FNF:3
FNH:0
FNDA:0,(anonymous_0)
FNDA:0,(anonymous_1)
FNDA:0,render
DA:3,0
DA:4,0
DA:8,0
DA:11,0
DA:12,0
DA:13,0
DA:14,0
DA:15,0
DA:18,0
DA:19,0
DA:20,0
DA:25,0
DA:29,0
DA:33,0
DA:34,0
DA:35,0
DA:37,0
DA:43,0
DA:44,0
LF:19
LH:0
BRDA:3,0,0,0
BRDA:3,0,1,0
BRDA:3,0,2,0
BRDA:4,1,0,0
BRDA:4,1,1,0
BRDA:4,2,0,0
BRDA:4,2,1,0
BRF:7
BRH:0
end_of_record
